ERROR - 2023-06-02 14:47:29 --> mysqli_sql_exception: Unknown column 'tb_produto' in 'where clause' in C:\wamp64\www\gerenciador-leet\system\Database\MySQLi\Connection.php:295
Stack trace:
#0 C:\wamp64\www\gerenciador-leet\system\Database\MySQLi\Connection.php(295): mysqli->query('SELECT *\nFROM `...', 0)
#1 C:\wamp64\www\gerenciador-leet\system\Database\BaseConnection.php(692): CodeIgniter\Database\MySQLi\Connection->execute('SELECT *\nFROM `...')
#2 C:\wamp64\www\gerenciador-leet\system\Database\BaseConnection.php(606): CodeIgniter\Database\BaseConnection->simpleQuery('SELECT *\nFROM `...')
#3 C:\wamp64\www\gerenciador-leet\system\Database\BaseBuilder.php(1616): CodeIgniter\Database\BaseConnection->query('SELECT *\nFROM `...', Array, false)
#4 C:\wamp64\www\gerenciador-leet\system\Model.php(268): CodeIgniter\Database\BaseBuilder->get()
#5 C:\wamp64\www\gerenciador-leet\system\BaseModel.php(656): CodeIgniter\Model->doFirst()
#6 C:\wamp64\www\gerenciador-leet\app\Models\Cadsproduto_model.php(32): CodeIgniter\BaseModel->first()
#7 C:\wamp64\www\gerenciador-leet\app\Controllers\Cadsproduto_controller.php(27): App\Models\Cadsproduto_model->getProduto('1')
#8 C:\wamp64\www\gerenciador-leet\system\CodeIgniter.php(934): App\Controllers\Cadsproduto_controller->CarregaEditaProduto()
#9 C:\wamp64\www\gerenciador-leet\system\CodeIgniter.php(499): CodeIgniter\CodeIgniter->runController(Object(App\Controllers\Cadsproduto_controller))
#10 C:\wamp64\www\gerenciador-leet\system\CodeIgniter.php(368): CodeIgniter\CodeIgniter->handleRequest(NULL, Object(Config\Cache), false)
#11 C:\wamp64\www\gerenciador-leet\public\index.php(67): CodeIgniter\CodeIgniter->run()
#12 {main}
CRITICAL - 2023-06-02 14:47:29 --> Unknown column 'tb_produto' in 'where clause'
in SYSTEMPATH\Database\MySQLi\Connection.php on line 295.
 1 SYSTEMPATH\Database\MySQLi\Connection.php(295): mysqli->query('SELECT *
FROM `tb_produto`
WHERE `tb_produto` = \'1\'
 LIMIT 1', 0)
 2 SYSTEMPATH\Database\BaseConnection.php(692): CodeIgniter\Database\MySQLi\Connection->execute('SELECT *
FROM `tb_produto`
WHERE `tb_produto` = \'1\'
 LIMIT 1')
 3 SYSTEMPATH\Database\BaseConnection.php(606): CodeIgniter\Database\BaseConnection->simpleQuery('SELECT *
FROM `tb_produto`
WHERE `tb_produto` = \'1\'
 LIMIT 1')
 4 SYSTEMPATH\Database\BaseBuilder.php(1616): CodeIgniter\Database\BaseConnection->query('SELECT *
FROM `tb_produto`
WHERE `tb_produto` = :tb_produto:
 LIMIT 1', [...], false)
 5 SYSTEMPATH\Model.php(268): CodeIgniter\Database\BaseBuilder->get()
 6 SYSTEMPATH\BaseModel.php(656): CodeIgniter\Model->doFirst()
 7 APPPATH\Models\Cadsproduto_model.php(32): CodeIgniter\BaseModel->first()
 8 APPPATH\Controllers\Cadsproduto_controller.php(27): App\Models\Cadsproduto_model->getProduto('1')
 9 SYSTEMPATH\CodeIgniter.php(934): App\Controllers\Cadsproduto_controller->CarregaEditaProduto()
10 SYSTEMPATH\CodeIgniter.php(499): CodeIgniter\CodeIgniter->runController(Object(App\Controllers\Cadsproduto_controller))
11 SYSTEMPATH\CodeIgniter.php(368): CodeIgniter\CodeIgniter->handleRequest(null, Object(Config\Cache), false)
12 FCPATH\index.php(67): CodeIgniter\CodeIgniter->run()
ERROR - 2023-06-02 14:47:29 --> mysqli_sql_exception: Unknown column 'tb_produto' in 'where clause' in C:\wamp64\www\gerenciador-leet\system\Database\MySQLi\Connection.php:295
Stack trace:
#0 C:\wamp64\www\gerenciador-leet\system\Database\MySQLi\Connection.php(295): mysqli->query('SELECT *\nFROM `...', 0)
#1 C:\wamp64\www\gerenciador-leet\system\Database\BaseConnection.php(692): CodeIgniter\Database\MySQLi\Connection->execute('SELECT *\nFROM `...')
#2 C:\wamp64\www\gerenciador-leet\system\Database\BaseConnection.php(606): CodeIgniter\Database\BaseConnection->simpleQuery('SELECT *\nFROM `...')
#3 C:\wamp64\www\gerenciador-leet\system\Database\BaseBuilder.php(1616): CodeIgniter\Database\BaseConnection->query('SELECT *\nFROM `...', Array, false)
#4 C:\wamp64\www\gerenciador-leet\system\Model.php(268): CodeIgniter\Database\BaseBuilder->get()
#5 C:\wamp64\www\gerenciador-leet\system\BaseModel.php(656): CodeIgniter\Model->doFirst()
#6 C:\wamp64\www\gerenciador-leet\app\Models\Cadsproduto_model.php(32): CodeIgniter\BaseModel->first()
#7 C:\wamp64\www\gerenciador-leet\app\Controllers\Cadsproduto_controller.php(27): App\Models\Cadsproduto_model->getProduto('1')
#8 C:\wamp64\www\gerenciador-leet\system\CodeIgniter.php(934): App\Controllers\Cadsproduto_controller->CarregaEditaProduto()
#9 C:\wamp64\www\gerenciador-leet\system\CodeIgniter.php(499): CodeIgniter\CodeIgniter->runController(Object(App\Controllers\Cadsproduto_controller))
#10 C:\wamp64\www\gerenciador-leet\system\CodeIgniter.php(368): CodeIgniter\CodeIgniter->handleRequest(NULL, Object(Config\Cache), false)
#11 C:\wamp64\www\gerenciador-leet\public\index.php(67): CodeIgniter\CodeIgniter->run()
#12 {main}
CRITICAL - 2023-06-02 14:47:29 --> Unknown column 'tb_produto' in 'where clause'
in SYSTEMPATH\Database\MySQLi\Connection.php on line 295.
 1 SYSTEMPATH\Database\MySQLi\Connection.php(295): mysqli->query('SELECT *
FROM `tb_produto`
WHERE `tb_produto` = \'1\'
 LIMIT 1', 0)
 2 SYSTEMPATH\Database\BaseConnection.php(692): CodeIgniter\Database\MySQLi\Connection->execute('SELECT *
FROM `tb_produto`
WHERE `tb_produto` = \'1\'
 LIMIT 1')
 3 SYSTEMPATH\Database\BaseConnection.php(606): CodeIgniter\Database\BaseConnection->simpleQuery('SELECT *
FROM `tb_produto`
WHERE `tb_produto` = \'1\'
 LIMIT 1')
 4 SYSTEMPATH\Database\BaseBuilder.php(1616): CodeIgniter\Database\BaseConnection->query('SELECT *
FROM `tb_produto`
WHERE `tb_produto` = :tb_produto:
 LIMIT 1', [...], false)
 5 SYSTEMPATH\Model.php(268): CodeIgniter\Database\BaseBuilder->get()
 6 SYSTEMPATH\BaseModel.php(656): CodeIgniter\Model->doFirst()
 7 APPPATH\Models\Cadsproduto_model.php(32): CodeIgniter\BaseModel->first()
 8 APPPATH\Controllers\Cadsproduto_controller.php(27): App\Models\Cadsproduto_model->getProduto('1')
 9 SYSTEMPATH\CodeIgniter.php(934): App\Controllers\Cadsproduto_controller->CarregaEditaProduto()
10 SYSTEMPATH\CodeIgniter.php(499): CodeIgniter\CodeIgniter->runController(Object(App\Controllers\Cadsproduto_controller))
11 SYSTEMPATH\CodeIgniter.php(368): CodeIgniter\CodeIgniter->handleRequest(null, Object(Config\Cache), false)
12 FCPATH\index.php(67): CodeIgniter\CodeIgniter->run()
ERROR - 2023-06-02 14:47:29 --> mysqli_sql_exception: Unknown column 'tb_produto' in 'where clause' in C:\wamp64\www\gerenciador-leet\system\Database\MySQLi\Connection.php:295
Stack trace:
#0 C:\wamp64\www\gerenciador-leet\system\Database\MySQLi\Connection.php(295): mysqli->query('SELECT *\nFROM `...', 0)
#1 C:\wamp64\www\gerenciador-leet\system\Database\BaseConnection.php(692): CodeIgniter\Database\MySQLi\Connection->execute('SELECT *\nFROM `...')
#2 C:\wamp64\www\gerenciador-leet\system\Database\BaseConnection.php(606): CodeIgniter\Database\BaseConnection->simpleQuery('SELECT *\nFROM `...')
#3 C:\wamp64\www\gerenciador-leet\system\Database\BaseBuilder.php(1616): CodeIgniter\Database\BaseConnection->query('SELECT *\nFROM `...', Array, false)
#4 C:\wamp64\www\gerenciador-leet\system\Model.php(268): CodeIgniter\Database\BaseBuilder->get()
#5 C:\wamp64\www\gerenciador-leet\system\BaseModel.php(656): CodeIgniter\Model->doFirst()
#6 C:\wamp64\www\gerenciador-leet\app\Models\Cadsproduto_model.php(32): CodeIgniter\BaseModel->first()
#7 C:\wamp64\www\gerenciador-leet\app\Controllers\Cadsproduto_controller.php(27): App\Models\Cadsproduto_model->getProduto('1')
#8 C:\wamp64\www\gerenciador-leet\system\CodeIgniter.php(934): App\Controllers\Cadsproduto_controller->CarregaEditaProduto()
#9 C:\wamp64\www\gerenciador-leet\system\CodeIgniter.php(499): CodeIgniter\CodeIgniter->runController(Object(App\Controllers\Cadsproduto_controller))
#10 C:\wamp64\www\gerenciador-leet\system\CodeIgniter.php(368): CodeIgniter\CodeIgniter->handleRequest(NULL, Object(Config\Cache), false)
#11 C:\wamp64\www\gerenciador-leet\public\index.php(67): CodeIgniter\CodeIgniter->run()
#12 {main}
CRITICAL - 2023-06-02 14:47:29 --> Unknown column 'tb_produto' in 'where clause'
in SYSTEMPATH\Database\MySQLi\Connection.php on line 295.
 1 SYSTEMPATH\Database\MySQLi\Connection.php(295): mysqli->query('SELECT *
FROM `tb_produto`
WHERE `tb_produto` = \'1\'
 LIMIT 1', 0)
 2 SYSTEMPATH\Database\BaseConnection.php(692): CodeIgniter\Database\MySQLi\Connection->execute('SELECT *
FROM `tb_produto`
WHERE `tb_produto` = \'1\'
 LIMIT 1')
 3 SYSTEMPATH\Database\BaseConnection.php(606): CodeIgniter\Database\BaseConnection->simpleQuery('SELECT *
FROM `tb_produto`
WHERE `tb_produto` = \'1\'
 LIMIT 1')
 4 SYSTEMPATH\Database\BaseBuilder.php(1616): CodeIgniter\Database\BaseConnection->query('SELECT *
FROM `tb_produto`
WHERE `tb_produto` = :tb_produto:
 LIMIT 1', [...], false)
 5 SYSTEMPATH\Model.php(268): CodeIgniter\Database\BaseBuilder->get()
 6 SYSTEMPATH\BaseModel.php(656): CodeIgniter\Model->doFirst()
 7 APPPATH\Models\Cadsproduto_model.php(32): CodeIgniter\BaseModel->first()
 8 APPPATH\Controllers\Cadsproduto_controller.php(27): App\Models\Cadsproduto_model->getProduto('1')
 9 SYSTEMPATH\CodeIgniter.php(934): App\Controllers\Cadsproduto_controller->CarregaEditaProduto()
10 SYSTEMPATH\CodeIgniter.php(499): CodeIgniter\CodeIgniter->runController(Object(App\Controllers\Cadsproduto_controller))
11 SYSTEMPATH\CodeIgniter.php(368): CodeIgniter\CodeIgniter->handleRequest(null, Object(Config\Cache), false)
12 FCPATH\index.php(67): CodeIgniter\CodeIgniter->run()
ERROR - 2023-06-02 14:47:29 --> mysqli_sql_exception: Unknown column 'tb_produto' in 'where clause' in C:\wamp64\www\gerenciador-leet\system\Database\MySQLi\Connection.php:295
Stack trace:
#0 C:\wamp64\www\gerenciador-leet\system\Database\MySQLi\Connection.php(295): mysqli->query('SELECT *\nFROM `...', 0)
#1 C:\wamp64\www\gerenciador-leet\system\Database\BaseConnection.php(692): CodeIgniter\Database\MySQLi\Connection->execute('SELECT *\nFROM `...')
#2 C:\wamp64\www\gerenciador-leet\system\Database\BaseConnection.php(606): CodeIgniter\Database\BaseConnection->simpleQuery('SELECT *\nFROM `...')
#3 C:\wamp64\www\gerenciador-leet\system\Database\BaseBuilder.php(1616): CodeIgniter\Database\BaseConnection->query('SELECT *\nFROM `...', Array, false)
#4 C:\wamp64\www\gerenciador-leet\system\Model.php(268): CodeIgniter\Database\BaseBuilder->get()
#5 C:\wamp64\www\gerenciador-leet\system\BaseModel.php(656): CodeIgniter\Model->doFirst()
#6 C:\wamp64\www\gerenciador-leet\app\Models\Cadsproduto_model.php(32): CodeIgniter\BaseModel->first()
#7 C:\wamp64\www\gerenciador-leet\app\Controllers\Cadsproduto_controller.php(27): App\Models\Cadsproduto_model->getProduto('1')
#8 C:\wamp64\www\gerenciador-leet\system\CodeIgniter.php(934): App\Controllers\Cadsproduto_controller->CarregaEditaProduto()
#9 C:\wamp64\www\gerenciador-leet\system\CodeIgniter.php(499): CodeIgniter\CodeIgniter->runController(Object(App\Controllers\Cadsproduto_controller))
#10 C:\wamp64\www\gerenciador-leet\system\CodeIgniter.php(368): CodeIgniter\CodeIgniter->handleRequest(NULL, Object(Config\Cache), false)
#11 C:\wamp64\www\gerenciador-leet\public\index.php(67): CodeIgniter\CodeIgniter->run()
#12 {main}
CRITICAL - 2023-06-02 14:47:29 --> Unknown column 'tb_produto' in 'where clause'
in SYSTEMPATH\Database\MySQLi\Connection.php on line 295.
 1 SYSTEMPATH\Database\MySQLi\Connection.php(295): mysqli->query('SELECT *
FROM `tb_produto`
WHERE `tb_produto` = \'1\'
 LIMIT 1', 0)
 2 SYSTEMPATH\Database\BaseConnection.php(692): CodeIgniter\Database\MySQLi\Connection->execute('SELECT *
FROM `tb_produto`
WHERE `tb_produto` = \'1\'
 LIMIT 1')
 3 SYSTEMPATH\Database\BaseConnection.php(606): CodeIgniter\Database\BaseConnection->simpleQuery('SELECT *
FROM `tb_produto`
WHERE `tb_produto` = \'1\'
 LIMIT 1')
 4 SYSTEMPATH\Database\BaseBuilder.php(1616): CodeIgniter\Database\BaseConnection->query('SELECT *
FROM `tb_produto`
WHERE `tb_produto` = :tb_produto:
 LIMIT 1', [...], false)
 5 SYSTEMPATH\Model.php(268): CodeIgniter\Database\BaseBuilder->get()
 6 SYSTEMPATH\BaseModel.php(656): CodeIgniter\Model->doFirst()
 7 APPPATH\Models\Cadsproduto_model.php(32): CodeIgniter\BaseModel->first()
 8 APPPATH\Controllers\Cadsproduto_controller.php(27): App\Models\Cadsproduto_model->getProduto('1')
 9 SYSTEMPATH\CodeIgniter.php(934): App\Controllers\Cadsproduto_controller->CarregaEditaProduto()
10 SYSTEMPATH\CodeIgniter.php(499): CodeIgniter\CodeIgniter->runController(Object(App\Controllers\Cadsproduto_controller))
11 SYSTEMPATH\CodeIgniter.php(368): CodeIgniter\CodeIgniter->handleRequest(null, Object(Config\Cache), false)
12 FCPATH\index.php(67): CodeIgniter\CodeIgniter->run()
ERROR - 2023-06-02 14:47:30 --> mysqli_sql_exception: Unknown column 'tb_produto' in 'where clause' in C:\wamp64\www\gerenciador-leet\system\Database\MySQLi\Connection.php:295
Stack trace:
#0 C:\wamp64\www\gerenciador-leet\system\Database\MySQLi\Connection.php(295): mysqli->query('SELECT *\nFROM `...', 0)
#1 C:\wamp64\www\gerenciador-leet\system\Database\BaseConnection.php(692): CodeIgniter\Database\MySQLi\Connection->execute('SELECT *\nFROM `...')
#2 C:\wamp64\www\gerenciador-leet\system\Database\BaseConnection.php(606): CodeIgniter\Database\BaseConnection->simpleQuery('SELECT *\nFROM `...')
#3 C:\wamp64\www\gerenciador-leet\system\Database\BaseBuilder.php(1616): CodeIgniter\Database\BaseConnection->query('SELECT *\nFROM `...', Array, false)
#4 C:\wamp64\www\gerenciador-leet\system\Model.php(268): CodeIgniter\Database\BaseBuilder->get()
#5 C:\wamp64\www\gerenciador-leet\system\BaseModel.php(656): CodeIgniter\Model->doFirst()
#6 C:\wamp64\www\gerenciador-leet\app\Models\Cadsproduto_model.php(32): CodeIgniter\BaseModel->first()
#7 C:\wamp64\www\gerenciador-leet\app\Controllers\Cadsproduto_controller.php(27): App\Models\Cadsproduto_model->getProduto('1')
#8 C:\wamp64\www\gerenciador-leet\system\CodeIgniter.php(934): App\Controllers\Cadsproduto_controller->CarregaEditaProduto()
#9 C:\wamp64\www\gerenciador-leet\system\CodeIgniter.php(499): CodeIgniter\CodeIgniter->runController(Object(App\Controllers\Cadsproduto_controller))
#10 C:\wamp64\www\gerenciador-leet\system\CodeIgniter.php(368): CodeIgniter\CodeIgniter->handleRequest(NULL, Object(Config\Cache), false)
#11 C:\wamp64\www\gerenciador-leet\public\index.php(67): CodeIgniter\CodeIgniter->run()
#12 {main}
CRITICAL - 2023-06-02 14:47:30 --> Unknown column 'tb_produto' in 'where clause'
in SYSTEMPATH\Database\MySQLi\Connection.php on line 295.
 1 SYSTEMPATH\Database\MySQLi\Connection.php(295): mysqli->query('SELECT *
FROM `tb_produto`
WHERE `tb_produto` = \'1\'
 LIMIT 1', 0)
 2 SYSTEMPATH\Database\BaseConnection.php(692): CodeIgniter\Database\MySQLi\Connection->execute('SELECT *
FROM `tb_produto`
WHERE `tb_produto` = \'1\'
 LIMIT 1')
 3 SYSTEMPATH\Database\BaseConnection.php(606): CodeIgniter\Database\BaseConnection->simpleQuery('SELECT *
FROM `tb_produto`
WHERE `tb_produto` = \'1\'
 LIMIT 1')
 4 SYSTEMPATH\Database\BaseBuilder.php(1616): CodeIgniter\Database\BaseConnection->query('SELECT *
FROM `tb_produto`
WHERE `tb_produto` = :tb_produto:
 LIMIT 1', [...], false)
 5 SYSTEMPATH\Model.php(268): CodeIgniter\Database\BaseBuilder->get()
 6 SYSTEMPATH\BaseModel.php(656): CodeIgniter\Model->doFirst()
 7 APPPATH\Models\Cadsproduto_model.php(32): CodeIgniter\BaseModel->first()
 8 APPPATH\Controllers\Cadsproduto_controller.php(27): App\Models\Cadsproduto_model->getProduto('1')
 9 SYSTEMPATH\CodeIgniter.php(934): App\Controllers\Cadsproduto_controller->CarregaEditaProduto()
10 SYSTEMPATH\CodeIgniter.php(499): CodeIgniter\CodeIgniter->runController(Object(App\Controllers\Cadsproduto_controller))
11 SYSTEMPATH\CodeIgniter.php(368): CodeIgniter\CodeIgniter->handleRequest(null, Object(Config\Cache), false)
12 FCPATH\index.php(67): CodeIgniter\CodeIgniter->run()
ERROR - 2023-06-02 14:49:03 --> mysqli_sql_exception: Unknown column 'tb_produto' in 'where clause' in C:\wamp64\www\gerenciador-leet\system\Database\MySQLi\Connection.php:295
Stack trace:
#0 C:\wamp64\www\gerenciador-leet\system\Database\MySQLi\Connection.php(295): mysqli->query('SELECT *\nFROM `...', 0)
#1 C:\wamp64\www\gerenciador-leet\system\Database\BaseConnection.php(692): CodeIgniter\Database\MySQLi\Connection->execute('SELECT *\nFROM `...')
#2 C:\wamp64\www\gerenciador-leet\system\Database\BaseConnection.php(606): CodeIgniter\Database\BaseConnection->simpleQuery('SELECT *\nFROM `...')
#3 C:\wamp64\www\gerenciador-leet\system\Database\BaseBuilder.php(1616): CodeIgniter\Database\BaseConnection->query('SELECT *\nFROM `...', Array, false)
#4 C:\wamp64\www\gerenciador-leet\system\Model.php(268): CodeIgniter\Database\BaseBuilder->get()
#5 C:\wamp64\www\gerenciador-leet\system\BaseModel.php(656): CodeIgniter\Model->doFirst()
#6 C:\wamp64\www\gerenciador-leet\app\Models\Cadsproduto_model.php(32): CodeIgniter\BaseModel->first()
#7 C:\wamp64\www\gerenciador-leet\app\Controllers\Cadsproduto_controller.php(27): App\Models\Cadsproduto_model->getProduto('1')
#8 C:\wamp64\www\gerenciador-leet\system\CodeIgniter.php(934): App\Controllers\Cadsproduto_controller->CarregaEditaProduto()
#9 C:\wamp64\www\gerenciador-leet\system\CodeIgniter.php(499): CodeIgniter\CodeIgniter->runController(Object(App\Controllers\Cadsproduto_controller))
#10 C:\wamp64\www\gerenciador-leet\system\CodeIgniter.php(368): CodeIgniter\CodeIgniter->handleRequest(NULL, Object(Config\Cache), false)
#11 C:\wamp64\www\gerenciador-leet\public\index.php(67): CodeIgniter\CodeIgniter->run()
#12 {main}
CRITICAL - 2023-06-02 14:49:03 --> Unknown column 'tb_produto' in 'where clause'
in SYSTEMPATH\Database\MySQLi\Connection.php on line 295.
 1 SYSTEMPATH\Database\MySQLi\Connection.php(295): mysqli->query('SELECT *
FROM `tb_produto`
WHERE `tb_produto` = \'1\'
 LIMIT 1', 0)
 2 SYSTEMPATH\Database\BaseConnection.php(692): CodeIgniter\Database\MySQLi\Connection->execute('SELECT *
FROM `tb_produto`
WHERE `tb_produto` = \'1\'
 LIMIT 1')
 3 SYSTEMPATH\Database\BaseConnection.php(606): CodeIgniter\Database\BaseConnection->simpleQuery('SELECT *
FROM `tb_produto`
WHERE `tb_produto` = \'1\'
 LIMIT 1')
 4 SYSTEMPATH\Database\BaseBuilder.php(1616): CodeIgniter\Database\BaseConnection->query('SELECT *
FROM `tb_produto`
WHERE `tb_produto` = :tb_produto:
 LIMIT 1', [...], false)
 5 SYSTEMPATH\Model.php(268): CodeIgniter\Database\BaseBuilder->get()
 6 SYSTEMPATH\BaseModel.php(656): CodeIgniter\Model->doFirst()
 7 APPPATH\Models\Cadsproduto_model.php(32): CodeIgniter\BaseModel->first()
 8 APPPATH\Controllers\Cadsproduto_controller.php(27): App\Models\Cadsproduto_model->getProduto('1')
 9 SYSTEMPATH\CodeIgniter.php(934): App\Controllers\Cadsproduto_controller->CarregaEditaProduto()
10 SYSTEMPATH\CodeIgniter.php(499): CodeIgniter\CodeIgniter->runController(Object(App\Controllers\Cadsproduto_controller))
11 SYSTEMPATH\CodeIgniter.php(368): CodeIgniter\CodeIgniter->handleRequest(null, Object(Config\Cache), false)
12 FCPATH\index.php(67): CodeIgniter\CodeIgniter->run()
ERROR - 2023-06-02 14:49:04 --> mysqli_sql_exception: Unknown column 'tb_produto' in 'where clause' in C:\wamp64\www\gerenciador-leet\system\Database\MySQLi\Connection.php:295
Stack trace:
#0 C:\wamp64\www\gerenciador-leet\system\Database\MySQLi\Connection.php(295): mysqli->query('SELECT *\nFROM `...', 0)
#1 C:\wamp64\www\gerenciador-leet\system\Database\BaseConnection.php(692): CodeIgniter\Database\MySQLi\Connection->execute('SELECT *\nFROM `...')
#2 C:\wamp64\www\gerenciador-leet\system\Database\BaseConnection.php(606): CodeIgniter\Database\BaseConnection->simpleQuery('SELECT *\nFROM `...')
#3 C:\wamp64\www\gerenciador-leet\system\Database\BaseBuilder.php(1616): CodeIgniter\Database\BaseConnection->query('SELECT *\nFROM `...', Array, false)
#4 C:\wamp64\www\gerenciador-leet\system\Model.php(268): CodeIgniter\Database\BaseBuilder->get()
#5 C:\wamp64\www\gerenciador-leet\system\BaseModel.php(656): CodeIgniter\Model->doFirst()
#6 C:\wamp64\www\gerenciador-leet\app\Models\Cadsproduto_model.php(32): CodeIgniter\BaseModel->first()
#7 C:\wamp64\www\gerenciador-leet\app\Controllers\Cadsproduto_controller.php(27): App\Models\Cadsproduto_model->getProduto('1')
#8 C:\wamp64\www\gerenciador-leet\system\CodeIgniter.php(934): App\Controllers\Cadsproduto_controller->CarregaEditaProduto()
#9 C:\wamp64\www\gerenciador-leet\system\CodeIgniter.php(499): CodeIgniter\CodeIgniter->runController(Object(App\Controllers\Cadsproduto_controller))
#10 C:\wamp64\www\gerenciador-leet\system\CodeIgniter.php(368): CodeIgniter\CodeIgniter->handleRequest(NULL, Object(Config\Cache), false)
#11 C:\wamp64\www\gerenciador-leet\public\index.php(67): CodeIgniter\CodeIgniter->run()
#12 {main}
CRITICAL - 2023-06-02 14:49:04 --> Unknown column 'tb_produto' in 'where clause'
in SYSTEMPATH\Database\MySQLi\Connection.php on line 295.
 1 SYSTEMPATH\Database\MySQLi\Connection.php(295): mysqli->query('SELECT *
FROM `tb_produto`
WHERE `tb_produto` = \'1\'
 LIMIT 1', 0)
 2 SYSTEMPATH\Database\BaseConnection.php(692): CodeIgniter\Database\MySQLi\Connection->execute('SELECT *
FROM `tb_produto`
WHERE `tb_produto` = \'1\'
 LIMIT 1')
 3 SYSTEMPATH\Database\BaseConnection.php(606): CodeIgniter\Database\BaseConnection->simpleQuery('SELECT *
FROM `tb_produto`
WHERE `tb_produto` = \'1\'
 LIMIT 1')
 4 SYSTEMPATH\Database\BaseBuilder.php(1616): CodeIgniter\Database\BaseConnection->query('SELECT *
FROM `tb_produto`
WHERE `tb_produto` = :tb_produto:
 LIMIT 1', [...], false)
 5 SYSTEMPATH\Model.php(268): CodeIgniter\Database\BaseBuilder->get()
 6 SYSTEMPATH\BaseModel.php(656): CodeIgniter\Model->doFirst()
 7 APPPATH\Models\Cadsproduto_model.php(32): CodeIgniter\BaseModel->first()
 8 APPPATH\Controllers\Cadsproduto_controller.php(27): App\Models\Cadsproduto_model->getProduto('1')
 9 SYSTEMPATH\CodeIgniter.php(934): App\Controllers\Cadsproduto_controller->CarregaEditaProduto()
10 SYSTEMPATH\CodeIgniter.php(499): CodeIgniter\CodeIgniter->runController(Object(App\Controllers\Cadsproduto_controller))
11 SYSTEMPATH\CodeIgniter.php(368): CodeIgniter\CodeIgniter->handleRequest(null, Object(Config\Cache), false)
12 FCPATH\index.php(67): CodeIgniter\CodeIgniter->run()
CRITICAL - 2023-06-02 20:03:08 --> Undefined variable: tb_natureza_operacao
in APPPATH\Views\cadastroPedido.php on line 400.
 1 APPPATH\Views\cadastroPedido.php(400): CodeIgniter\Debug\Exceptions->errorHandler(8, 'Undefined variable: tb_natureza_operacao', 'C:\\wamp64\\www\\gerenciador-leet\\app\\Views\\cadastroPedido.php', 400, [...])
 2 SYSTEMPATH\View\View.php(213): include('C:\\wamp64\\www\\gerenciador-leet\\app\\Views\\cadastroPedido.php')
 3 SYSTEMPATH\View\View.php(216): CodeIgniter\View\View->CodeIgniter\View\{closure}()
 4 SYSTEMPATH\Common.php(1184): CodeIgniter\View\View->render('cadastroPedido', [], true)
 5 APPPATH\Views\Dashboard.php(345): view('cadastroPedido')
 6 SYSTEMPATH\View\View.php(213): include('C:\\wamp64\\www\\gerenciador-leet\\app\\Views\\Dashboard.php')
 7 SYSTEMPATH\View\View.php(216): CodeIgniter\View\View->CodeIgniter\View\{closure}()
 8 SYSTEMPATH\Common.php(1184): CodeIgniter\View\View->render('Dashboard', [], true)
 9 APPPATH\Controllers\CadsPedido_controller.php(13): view('Dashboard', [...])
10 SYSTEMPATH\CodeIgniter.php(934): App\Controllers\CadsPedido_controller->CadsPedidos()
11 SYSTEMPATH\CodeIgniter.php(499): CodeIgniter\CodeIgniter->runController(Object(App\Controllers\CadsPedido_controller))
12 SYSTEMPATH\CodeIgniter.php(368): CodeIgniter\CodeIgniter->handleRequest(null, Object(Config\Cache), false)
13 FCPATH\index.php(67): CodeIgniter\CodeIgniter->run()
CRITICAL - 2023-06-02 20:05:26 --> Argument 3 passed to view() must be of the type array, null given, called in C:\wamp64\www\gerenciador-leet\app\Controllers\CadsPedido_controller.php on line 15
in SYSTEMPATH\Common.php on line 1172.
 1 APPPATH\Controllers\CadsPedido_controller.php(15): view('Dashboard', [...], null)
 2 SYSTEMPATH\CodeIgniter.php(934): App\Controllers\CadsPedido_controller->CadsPedidos()
 3 SYSTEMPATH\CodeIgniter.php(499): CodeIgniter\CodeIgniter->runController(Object(App\Controllers\CadsPedido_controller))
 4 SYSTEMPATH\CodeIgniter.php(368): CodeIgniter\CodeIgniter->handleRequest(null, Object(Config\Cache), false)
 5 FCPATH\index.php(67): CodeIgniter\CodeIgniter->run()
CRITICAL - 2023-06-02 20:06:13 --> Argument 3 passed to view() must be of the type array, null given, called in C:\wamp64\www\gerenciador-leet\app\Controllers\CadsPedido_controller.php on line 15
in SYSTEMPATH\Common.php on line 1172.
 1 APPPATH\Controllers\CadsPedido_controller.php(15): view('Dashboard', [...], null)
 2 SYSTEMPATH\CodeIgniter.php(934): App\Controllers\CadsPedido_controller->CadsPedidos()
 3 SYSTEMPATH\CodeIgniter.php(499): CodeIgniter\CodeIgniter->runController(Object(App\Controllers\CadsPedido_controller))
 4 SYSTEMPATH\CodeIgniter.php(368): CodeIgniter\CodeIgniter->handleRequest(null, Object(Config\Cache), false)
 5 FCPATH\index.php(67): CodeIgniter\CodeIgniter->run()
CRITICAL - 2023-06-02 20:06:37 --> Undefined variable: produtos
in APPPATH\Views\cadastroPedido.php on line 400.
 1 APPPATH\Views\cadastroPedido.php(400): CodeIgniter\Debug\Exceptions->errorHandler(8, 'Undefined variable: produtos', 'C:\\wamp64\\www\\gerenciador-leet\\app\\Views\\cadastroPedido.php', 400, [...])
 2 SYSTEMPATH\View\View.php(213): include('C:\\wamp64\\www\\gerenciador-leet\\app\\Views\\cadastroPedido.php')
 3 SYSTEMPATH\View\View.php(216): CodeIgniter\View\View->CodeIgniter\View\{closure}()
 4 SYSTEMPATH\Common.php(1184): CodeIgniter\View\View->render('cadastroPedido', [], true)
 5 APPPATH\Views\Dashboard.php(345): view('cadastroPedido')
 6 SYSTEMPATH\View\View.php(213): include('C:\\wamp64\\www\\gerenciador-leet\\app\\Views\\Dashboard.php')
 7 SYSTEMPATH\View\View.php(216): CodeIgniter\View\View->CodeIgniter\View\{closure}()
 8 SYSTEMPATH\Common.php(1184): CodeIgniter\View\View->render('Dashboard', [...], true)
 9 APPPATH\Controllers\CadsPedido_controller.php(15): view('Dashboard', [...], [...])
10 SYSTEMPATH\CodeIgniter.php(934): App\Controllers\CadsPedido_controller->CadsPedidos()
11 SYSTEMPATH\CodeIgniter.php(499): CodeIgniter\CodeIgniter->runController(Object(App\Controllers\CadsPedido_controller))
12 SYSTEMPATH\CodeIgniter.php(368): CodeIgniter\CodeIgniter->handleRequest(null, Object(Config\Cache), false)
13 FCPATH\index.php(67): CodeIgniter\CodeIgniter->run()
CRITICAL - 2023-06-02 20:07:07 --> Undefined variable: pagina
in APPPATH\Views\Dashboard.php on line 345.
 1 APPPATH\Views\Dashboard.php(345): CodeIgniter\Debug\Exceptions->errorHandler(8, 'Undefined variable: pagina', 'C:\\wamp64\\www\\gerenciador-leet\\app\\Views\\Dashboard.php', 345, [])
 2 SYSTEMPATH\View\View.php(213): include('C:\\wamp64\\www\\gerenciador-leet\\app\\Views\\Dashboard.php')
 3 SYSTEMPATH\View\View.php(216): CodeIgniter\View\View->CodeIgniter\View\{closure}()
 4 SYSTEMPATH\Common.php(1184): CodeIgniter\View\View->render('Dashboard', [], true)
 5 APPPATH\Controllers\CadsPedido_controller.php(15): view('Dashboard', [...])
 6 SYSTEMPATH\CodeIgniter.php(934): App\Controllers\CadsPedido_controller->CadsPedidos()
 7 SYSTEMPATH\CodeIgniter.php(499): CodeIgniter\CodeIgniter->runController(Object(App\Controllers\CadsPedido_controller))
 8 SYSTEMPATH\CodeIgniter.php(368): CodeIgniter\CodeIgniter->handleRequest(null, Object(Config\Cache), false)
 9 FCPATH\index.php(67): CodeIgniter\CodeIgniter->run()
CRITICAL - 2023-06-02 20:07:40 --> Undefined variable: data
in APPPATH\Views\cadastroPedido.php on line 400.
 1 APPPATH\Views\cadastroPedido.php(400): CodeIgniter\Debug\Exceptions->errorHandler(8, 'Undefined variable: data', 'C:\\wamp64\\www\\gerenciador-leet\\app\\Views\\cadastroPedido.php', 400, [...])
 2 SYSTEMPATH\View\View.php(213): include('C:\\wamp64\\www\\gerenciador-leet\\app\\Views\\cadastroPedido.php')
 3 SYSTEMPATH\View\View.php(216): CodeIgniter\View\View->CodeIgniter\View\{closure}()
 4 SYSTEMPATH\Common.php(1184): CodeIgniter\View\View->render('cadastroPedido', [], true)
 5 APPPATH\Views\Dashboard.php(345): view('cadastroPedido')
 6 SYSTEMPATH\View\View.php(213): include('C:\\wamp64\\www\\gerenciador-leet\\app\\Views\\Dashboard.php')
 7 SYSTEMPATH\View\View.php(216): CodeIgniter\View\View->CodeIgniter\View\{closure}()
 8 SYSTEMPATH\Common.php(1184): CodeIgniter\View\View->render('Dashboard', [...], true)
 9 APPPATH\Controllers\CadsPedido_controller.php(15): view('Dashboard', [...], [...])
10 SYSTEMPATH\CodeIgniter.php(934): App\Controllers\CadsPedido_controller->CadsPedidos()
11 SYSTEMPATH\CodeIgniter.php(499): CodeIgniter\CodeIgniter->runController(Object(App\Controllers\CadsPedido_controller))
12 SYSTEMPATH\CodeIgniter.php(368): CodeIgniter\CodeIgniter->handleRequest(null, Object(Config\Cache), false)
13 FCPATH\index.php(67): CodeIgniter\CodeIgniter->run()
CRITICAL - 2023-06-02 20:07:54 --> Undefined variable: oiu
in APPPATH\Views\cadastroPedido.php on line 400.
 1 APPPATH\Views\cadastroPedido.php(400): CodeIgniter\Debug\Exceptions->errorHandler(8, 'Undefined variable: oiu', 'C:\\wamp64\\www\\gerenciador-leet\\app\\Views\\cadastroPedido.php', 400, [...])
 2 SYSTEMPATH\View\View.php(213): include('C:\\wamp64\\www\\gerenciador-leet\\app\\Views\\cadastroPedido.php')
 3 SYSTEMPATH\View\View.php(216): CodeIgniter\View\View->CodeIgniter\View\{closure}()
 4 SYSTEMPATH\Common.php(1184): CodeIgniter\View\View->render('cadastroPedido', [], true)
 5 APPPATH\Views\Dashboard.php(345): view('cadastroPedido')
 6 SYSTEMPATH\View\View.php(213): include('C:\\wamp64\\www\\gerenciador-leet\\app\\Views\\Dashboard.php')
 7 SYSTEMPATH\View\View.php(216): CodeIgniter\View\View->CodeIgniter\View\{closure}()
 8 SYSTEMPATH\Common.php(1184): CodeIgniter\View\View->render('Dashboard', [...], true)
 9 APPPATH\Controllers\CadsPedido_controller.php(15): view('Dashboard', [...], [...])
10 SYSTEMPATH\CodeIgniter.php(934): App\Controllers\CadsPedido_controller->CadsPedidos()
11 SYSTEMPATH\CodeIgniter.php(499): CodeIgniter\CodeIgniter->runController(Object(App\Controllers\CadsPedido_controller))
12 SYSTEMPATH\CodeIgniter.php(368): CodeIgniter\CodeIgniter->handleRequest(null, Object(Config\Cache), false)
13 FCPATH\index.php(67): CodeIgniter\CodeIgniter->run()
CRITICAL - 2023-06-02 20:09:43 --> Cannot call constructor
in APPPATH\Controllers\CadsPedido_controller.php on line 8.
 1 SYSTEMPATH\CodeIgniter.php(906): App\Controllers\CadsPedido_controller->__construct()
 2 SYSTEMPATH\CodeIgniter.php(490): CodeIgniter\CodeIgniter->createController()
 3 SYSTEMPATH\CodeIgniter.php(368): CodeIgniter\CodeIgniter->handleRequest(null, Object(Config\Cache), false)
 4 FCPATH\index.php(67): CodeIgniter\CodeIgniter->run()
CRITICAL - 2023-06-02 20:10:09 --> Undefined variable: oiu
in APPPATH\Views\cadastroPedido.php on line 400.
 1 APPPATH\Views\cadastroPedido.php(400): CodeIgniter\Debug\Exceptions->errorHandler(8, 'Undefined variable: oiu', 'C:\\wamp64\\www\\gerenciador-leet\\app\\Views\\cadastroPedido.php', 400, [...])
 2 SYSTEMPATH\View\View.php(213): include('C:\\wamp64\\www\\gerenciador-leet\\app\\Views\\cadastroPedido.php')
 3 SYSTEMPATH\View\View.php(216): CodeIgniter\View\View->CodeIgniter\View\{closure}()
 4 SYSTEMPATH\Common.php(1184): CodeIgniter\View\View->render('cadastroPedido', [], true)
 5 APPPATH\Views\Dashboard.php(345): view('cadastroPedido')
 6 SYSTEMPATH\View\View.php(213): include('C:\\wamp64\\www\\gerenciador-leet\\app\\Views\\Dashboard.php')
 7 SYSTEMPATH\View\View.php(216): CodeIgniter\View\View->CodeIgniter\View\{closure}()
 8 SYSTEMPATH\Common.php(1184): CodeIgniter\View\View->render('Dashboard', [...], true)
 9 APPPATH\Controllers\CadsPedido_controller.php(21): view('Dashboard', [...], [...])
10 SYSTEMPATH\CodeIgniter.php(934): App\Controllers\CadsPedido_controller->CadsPedidos()
11 SYSTEMPATH\CodeIgniter.php(499): CodeIgniter\CodeIgniter->runController(Object(App\Controllers\CadsPedido_controller))
12 SYSTEMPATH\CodeIgniter.php(368): CodeIgniter\CodeIgniter->handleRequest(null, Object(Config\Cache), false)
13 FCPATH\index.php(67): CodeIgniter\CodeIgniter->run()
