CRITICAL - 2023-05-30 19:16:39 --> syntax error, unexpected 'return' (T_RETURN)
in APPPATH\Views\Dashboard.php on line 293.
 1 SYSTEMPATH\View\View.php(216): CodeIgniter\View\View->CodeIgniter\View\{closure}()
 2 SYSTEMPATH\Common.php(1184): CodeIgniter\View\View->render('Dashboard', [], true)
 3 APPPATH\Controllers\Dash_controller.php(9): view('Dashboard')
 4 SYSTEMPATH\CodeIgniter.php(934): App\Controllers\Dash_controller->dashleet()
 5 SYSTEMPATH\CodeIgniter.php(499): CodeIgniter\CodeIgniter->runController(Object(App\Controllers\Dash_controller))
 6 SYSTEMPATH\CodeIgniter.php(368): CodeIgniter\CodeIgniter->handleRequest(null, Object(Config\Cache), false)
 7 FCPATH\index.php(67): CodeIgniter\CodeIgniter->run()
CRITICAL - 2023-05-30 19:16:40 --> syntax error, unexpected 'return' (T_RETURN)
in APPPATH\Views\Dashboard.php on line 293.
 1 SYSTEMPATH\View\View.php(216): CodeIgniter\View\View->CodeIgniter\View\{closure}()
 2 SYSTEMPATH\Common.php(1184): CodeIgniter\View\View->render('Dashboard', [], true)
 3 APPPATH\Controllers\Dash_controller.php(9): view('Dashboard')
 4 SYSTEMPATH\CodeIgniter.php(934): App\Controllers\Dash_controller->dashleet()
 5 SYSTEMPATH\CodeIgniter.php(499): CodeIgniter\CodeIgniter->runController(Object(App\Controllers\Dash_controller))
 6 SYSTEMPATH\CodeIgniter.php(368): CodeIgniter\CodeIgniter->handleRequest(null, Object(Config\Cache), false)
 7 FCPATH\index.php(67): CodeIgniter\CodeIgniter->run()
CRITICAL - 2023-05-30 19:16:40 --> syntax error, unexpected 'return' (T_RETURN)
in APPPATH\Views\Dashboard.php on line 293.
 1 SYSTEMPATH\View\View.php(216): CodeIgniter\View\View->CodeIgniter\View\{closure}()
 2 SYSTEMPATH\Common.php(1184): CodeIgniter\View\View->render('Dashboard', [], true)
 3 APPPATH\Controllers\Dash_controller.php(9): view('Dashboard')
 4 SYSTEMPATH\CodeIgniter.php(934): App\Controllers\Dash_controller->dashleet()
 5 SYSTEMPATH\CodeIgniter.php(499): CodeIgniter\CodeIgniter->runController(Object(App\Controllers\Dash_controller))
 6 SYSTEMPATH\CodeIgniter.php(368): CodeIgniter\CodeIgniter->handleRequest(null, Object(Config\Cache), false)
 7 FCPATH\index.php(67): CodeIgniter\CodeIgniter->run()
CRITICAL - 2023-05-30 19:17:10 --> syntax error, unexpected 'return' (T_RETURN)
in APPPATH\Views\Dashboard.php on line 293.
 1 SYSTEMPATH\View\View.php(216): CodeIgniter\View\View->CodeIgniter\View\{closure}()
 2 SYSTEMPATH\Common.php(1184): CodeIgniter\View\View->render('Dashboard', [], true)
 3 APPPATH\Controllers\Dash_controller.php(9): view('Dashboard')
 4 SYSTEMPATH\CodeIgniter.php(934): App\Controllers\Dash_controller->dashleet()
 5 SYSTEMPATH\CodeIgniter.php(499): CodeIgniter\CodeIgniter->runController(Object(App\Controllers\Dash_controller))
 6 SYSTEMPATH\CodeIgniter.php(368): CodeIgniter\CodeIgniter->handleRequest(null, Object(Config\Cache), false)
 7 FCPATH\index.php(67): CodeIgniter\CodeIgniter->run()
CRITICAL - 2023-05-30 19:22:34 --> syntax error, unexpected 'return' (T_RETURN)
in APPPATH\Views\Dashboard.php on line 297.
 1 SYSTEMPATH\View\View.php(216): CodeIgniter\View\View->CodeIgniter\View\{closure}()
 2 SYSTEMPATH\Common.php(1184): CodeIgniter\View\View->render('Dashboard', [], true)
 3 APPPATH\Controllers\Dash_controller.php(9): view('Dashboard')
 4 SYSTEMPATH\CodeIgniter.php(934): App\Controllers\Dash_controller->dashleet()
 5 SYSTEMPATH\CodeIgniter.php(499): CodeIgniter\CodeIgniter->runController(Object(App\Controllers\Dash_controller))
 6 SYSTEMPATH\CodeIgniter.php(368): CodeIgniter\CodeIgniter->handleRequest(null, Object(Config\Cache), false)
 7 FCPATH\index.php(67): CodeIgniter\CodeIgniter->run()
CRITICAL - 2023-05-30 19:22:34 --> syntax error, unexpected 'return' (T_RETURN)
in APPPATH\Views\Dashboard.php on line 297.
 1 SYSTEMPATH\View\View.php(216): CodeIgniter\View\View->CodeIgniter\View\{closure}()
 2 SYSTEMPATH\Common.php(1184): CodeIgniter\View\View->render('Dashboard', [], true)
 3 APPPATH\Controllers\Dash_controller.php(9): view('Dashboard')
 4 SYSTEMPATH\CodeIgniter.php(934): App\Controllers\Dash_controller->dashleet()
 5 SYSTEMPATH\CodeIgniter.php(499): CodeIgniter\CodeIgniter->runController(Object(App\Controllers\Dash_controller))
 6 SYSTEMPATH\CodeIgniter.php(368): CodeIgniter\CodeIgniter->handleRequest(null, Object(Config\Cache), false)
 7 FCPATH\index.php(67): CodeIgniter\CodeIgniter->run()
CRITICAL - 2023-05-30 19:22:35 --> syntax error, unexpected 'return' (T_RETURN)
in APPPATH\Views\Dashboard.php on line 297.
 1 SYSTEMPATH\View\View.php(216): CodeIgniter\View\View->CodeIgniter\View\{closure}()
 2 SYSTEMPATH\Common.php(1184): CodeIgniter\View\View->render('Dashboard', [], true)
 3 APPPATH\Controllers\Dash_controller.php(9): view('Dashboard')
 4 SYSTEMPATH\CodeIgniter.php(934): App\Controllers\Dash_controller->dashleet()
 5 SYSTEMPATH\CodeIgniter.php(499): CodeIgniter\CodeIgniter->runController(Object(App\Controllers\Dash_controller))
 6 SYSTEMPATH\CodeIgniter.php(368): CodeIgniter\CodeIgniter->handleRequest(null, Object(Config\Cache), false)
 7 FCPATH\index.php(67): CodeIgniter\CodeIgniter->run()
CRITICAL - 2023-05-30 19:22:35 --> syntax error, unexpected 'return' (T_RETURN)
in APPPATH\Views\Dashboard.php on line 297.
 1 SYSTEMPATH\View\View.php(216): CodeIgniter\View\View->CodeIgniter\View\{closure}()
 2 SYSTEMPATH\Common.php(1184): CodeIgniter\View\View->render('Dashboard', [], true)
 3 APPPATH\Controllers\Dash_controller.php(9): view('Dashboard')
 4 SYSTEMPATH\CodeIgniter.php(934): App\Controllers\Dash_controller->dashleet()
 5 SYSTEMPATH\CodeIgniter.php(499): CodeIgniter\CodeIgniter->runController(Object(App\Controllers\Dash_controller))
 6 SYSTEMPATH\CodeIgniter.php(368): CodeIgniter\CodeIgniter->handleRequest(null, Object(Config\Cache), false)
 7 FCPATH\index.php(67): CodeIgniter\CodeIgniter->run()
CRITICAL - 2023-05-30 19:23:35 --> syntax error, unexpected ';'
in APPPATH\Views\Dashboard.php on line 293.
 1 SYSTEMPATH\View\View.php(216): CodeIgniter\View\View->CodeIgniter\View\{closure}()
 2 SYSTEMPATH\Common.php(1184): CodeIgniter\View\View->render('Dashboard', [], true)
 3 APPPATH\Controllers\Dash_controller.php(9): view('Dashboard')
 4 SYSTEMPATH\CodeIgniter.php(934): App\Controllers\Dash_controller->dashleet()
 5 SYSTEMPATH\CodeIgniter.php(499): CodeIgniter\CodeIgniter->runController(Object(App\Controllers\Dash_controller))
 6 SYSTEMPATH\CodeIgniter.php(368): CodeIgniter\CodeIgniter->handleRequest(null, Object(Config\Cache), false)
 7 FCPATH\index.php(67): CodeIgniter\CodeIgniter->run()
CRITICAL - 2023-05-30 19:23:59 --> Undefined variable: pagina
in APPPATH\Views\Dashboard.php on line 293.
 1 APPPATH\Views\Dashboard.php(293): CodeIgniter\Debug\Exceptions->errorHandler(8, 'Undefined variable: pagina', 'C:\\wamp64\\www\\gerenciador-leet\\app\\Views\\Dashboard.php', 293, [])
 2 SYSTEMPATH\View\View.php(213): include('C:\\wamp64\\www\\gerenciador-leet\\app\\Views\\Dashboard.php')
 3 SYSTEMPATH\View\View.php(216): CodeIgniter\View\View->CodeIgniter\View\{closure}()
 4 SYSTEMPATH\Common.php(1184): CodeIgniter\View\View->render('Dashboard', [], true)
 5 APPPATH\Controllers\Dash_controller.php(9): view('Dashboard')
 6 SYSTEMPATH\CodeIgniter.php(934): App\Controllers\Dash_controller->dashleet()
 7 SYSTEMPATH\CodeIgniter.php(499): CodeIgniter\CodeIgniter->runController(Object(App\Controllers\Dash_controller))
 8 SYSTEMPATH\CodeIgniter.php(368): CodeIgniter\CodeIgniter->handleRequest(null, Object(Config\Cache), false)
 9 FCPATH\index.php(67): CodeIgniter\CodeIgniter->run()
CRITICAL - 2023-05-30 19:24:21 --> syntax error, unexpected 'return' (T_RETURN)
in APPPATH\Views\Dashboard.php on line 293.
 1 SYSTEMPATH\View\View.php(216): CodeIgniter\View\View->CodeIgniter\View\{closure}()
 2 SYSTEMPATH\Common.php(1184): CodeIgniter\View\View->render('Dashboard', [], true)
 3 APPPATH\Controllers\Dash_controller.php(9): view('Dashboard')
 4 SYSTEMPATH\CodeIgniter.php(934): App\Controllers\Dash_controller->dashleet()
 5 SYSTEMPATH\CodeIgniter.php(499): CodeIgniter\CodeIgniter->runController(Object(App\Controllers\Dash_controller))
 6 SYSTEMPATH\CodeIgniter.php(368): CodeIgniter\CodeIgniter->handleRequest(null, Object(Config\Cache), false)
 7 FCPATH\index.php(67): CodeIgniter\CodeIgniter->run()
CRITICAL - 2023-05-30 19:24:21 --> syntax error, unexpected 'return' (T_RETURN)
in APPPATH\Views\Dashboard.php on line 293.
 1 SYSTEMPATH\View\View.php(216): CodeIgniter\View\View->CodeIgniter\View\{closure}()
 2 SYSTEMPATH\Common.php(1184): CodeIgniter\View\View->render('Dashboard', [], true)
 3 APPPATH\Controllers\Dash_controller.php(9): view('Dashboard')
 4 SYSTEMPATH\CodeIgniter.php(934): App\Controllers\Dash_controller->dashleet()
 5 SYSTEMPATH\CodeIgniter.php(499): CodeIgniter\CodeIgniter->runController(Object(App\Controllers\Dash_controller))
 6 SYSTEMPATH\CodeIgniter.php(368): CodeIgniter\CodeIgniter->handleRequest(null, Object(Config\Cache), false)
 7 FCPATH\index.php(67): CodeIgniter\CodeIgniter->run()
CRITICAL - 2023-05-30 19:24:21 --> syntax error, unexpected 'return' (T_RETURN)
in APPPATH\Views\Dashboard.php on line 293.
 1 SYSTEMPATH\View\View.php(216): CodeIgniter\View\View->CodeIgniter\View\{closure}()
 2 SYSTEMPATH\Common.php(1184): CodeIgniter\View\View->render('Dashboard', [], true)
 3 APPPATH\Controllers\Dash_controller.php(9): view('Dashboard')
 4 SYSTEMPATH\CodeIgniter.php(934): App\Controllers\Dash_controller->dashleet()
 5 SYSTEMPATH\CodeIgniter.php(499): CodeIgniter\CodeIgniter->runController(Object(App\Controllers\Dash_controller))
 6 SYSTEMPATH\CodeIgniter.php(368): CodeIgniter\CodeIgniter->handleRequest(null, Object(Config\Cache), false)
 7 FCPATH\index.php(67): CodeIgniter\CodeIgniter->run()
CRITICAL - 2023-05-30 19:24:22 --> syntax error, unexpected 'return' (T_RETURN)
in APPPATH\Views\Dashboard.php on line 293.
 1 SYSTEMPATH\View\View.php(216): CodeIgniter\View\View->CodeIgniter\View\{closure}()
 2 SYSTEMPATH\Common.php(1184): CodeIgniter\View\View->render('Dashboard', [], true)
 3 APPPATH\Controllers\Dash_controller.php(9): view('Dashboard')
 4 SYSTEMPATH\CodeIgniter.php(934): App\Controllers\Dash_controller->dashleet()
 5 SYSTEMPATH\CodeIgniter.php(499): CodeIgniter\CodeIgniter->runController(Object(App\Controllers\Dash_controller))
 6 SYSTEMPATH\CodeIgniter.php(368): CodeIgniter\CodeIgniter->handleRequest(null, Object(Config\Cache), false)
 7 FCPATH\index.php(67): CodeIgniter\CodeIgniter->run()
CRITICAL - 2023-05-30 19:24:39 --> syntax error, unexpected 'return' (T_RETURN)
in APPPATH\Views\Dashboard.php on line 293.
 1 SYSTEMPATH\View\View.php(216): CodeIgniter\View\View->CodeIgniter\View\{closure}()
 2 SYSTEMPATH\Common.php(1184): CodeIgniter\View\View->render('Dashboard', [], true)
 3 APPPATH\Controllers\Dash_controller.php(9): view('Dashboard')
 4 SYSTEMPATH\CodeIgniter.php(934): App\Controllers\Dash_controller->dashleet()
 5 SYSTEMPATH\CodeIgniter.php(499): CodeIgniter\CodeIgniter->runController(Object(App\Controllers\Dash_controller))
 6 SYSTEMPATH\CodeIgniter.php(368): CodeIgniter\CodeIgniter->handleRequest(null, Object(Config\Cache), false)
 7 FCPATH\index.php(67): CodeIgniter\CodeIgniter->run()
CRITICAL - 2023-05-30 19:25:06 --> syntax error, unexpected 'return' (T_RETURN)
in APPPATH\Views\Dashboard.php on line 293.
 1 SYSTEMPATH\View\View.php(216): CodeIgniter\View\View->CodeIgniter\View\{closure}()
 2 SYSTEMPATH\Common.php(1184): CodeIgniter\View\View->render('Dashboard', [], true)
 3 APPPATH\Controllers\Dash_controller.php(9): view('Dashboard')
 4 SYSTEMPATH\CodeIgniter.php(934): App\Controllers\Dash_controller->dashleet()
 5 SYSTEMPATH\CodeIgniter.php(499): CodeIgniter\CodeIgniter->runController(Object(App\Controllers\Dash_controller))
 6 SYSTEMPATH\CodeIgniter.php(368): CodeIgniter\CodeIgniter->handleRequest(null, Object(Config\Cache), false)
 7 FCPATH\index.php(67): CodeIgniter\CodeIgniter->run()
CRITICAL - 2023-05-30 19:26:29 --> syntax error, unexpected 'return' (T_RETURN)
in APPPATH\Views\Dashboard.php on line 291.
 1 SYSTEMPATH\View\View.php(216): CodeIgniter\View\View->CodeIgniter\View\{closure}()
 2 SYSTEMPATH\Common.php(1184): CodeIgniter\View\View->render('Dashboard', [], true)
 3 APPPATH\Controllers\Dash_controller.php(13): view('Dashboard', [...])
 4 SYSTEMPATH\CodeIgniter.php(934): App\Controllers\Dash_controller->dashleet()
 5 SYSTEMPATH\CodeIgniter.php(499): CodeIgniter\CodeIgniter->runController(Object(App\Controllers\Dash_controller))
 6 SYSTEMPATH\CodeIgniter.php(368): CodeIgniter\CodeIgniter->handleRequest(null, Object(Config\Cache), false)
 7 FCPATH\index.php(67): CodeIgniter\CodeIgniter->run()
CRITICAL - 2023-05-30 19:26:30 --> syntax error, unexpected 'return' (T_RETURN)
in APPPATH\Views\Dashboard.php on line 291.
 1 SYSTEMPATH\View\View.php(216): CodeIgniter\View\View->CodeIgniter\View\{closure}()
 2 SYSTEMPATH\Common.php(1184): CodeIgniter\View\View->render('Dashboard', [], true)
 3 APPPATH\Controllers\Dash_controller.php(13): view('Dashboard', [...])
 4 SYSTEMPATH\CodeIgniter.php(934): App\Controllers\Dash_controller->dashleet()
 5 SYSTEMPATH\CodeIgniter.php(499): CodeIgniter\CodeIgniter->runController(Object(App\Controllers\Dash_controller))
 6 SYSTEMPATH\CodeIgniter.php(368): CodeIgniter\CodeIgniter->handleRequest(null, Object(Config\Cache), false)
 7 FCPATH\index.php(67): CodeIgniter\CodeIgniter->run()
CRITICAL - 2023-05-30 19:26:31 --> syntax error, unexpected 'return' (T_RETURN)
in APPPATH\Views\Dashboard.php on line 291.
 1 SYSTEMPATH\View\View.php(216): CodeIgniter\View\View->CodeIgniter\View\{closure}()
 2 SYSTEMPATH\Common.php(1184): CodeIgniter\View\View->render('Dashboard', [], true)
 3 APPPATH\Controllers\Dash_controller.php(13): view('Dashboard', [...])
 4 SYSTEMPATH\CodeIgniter.php(934): App\Controllers\Dash_controller->dashleet()
 5 SYSTEMPATH\CodeIgniter.php(499): CodeIgniter\CodeIgniter->runController(Object(App\Controllers\Dash_controller))
 6 SYSTEMPATH\CodeIgniter.php(368): CodeIgniter\CodeIgniter->handleRequest(null, Object(Config\Cache), false)
 7 FCPATH\index.php(67): CodeIgniter\CodeIgniter->run()
CRITICAL - 2023-05-30 19:26:31 --> syntax error, unexpected 'return' (T_RETURN)
in APPPATH\Views\Dashboard.php on line 291.
 1 SYSTEMPATH\View\View.php(216): CodeIgniter\View\View->CodeIgniter\View\{closure}()
 2 SYSTEMPATH\Common.php(1184): CodeIgniter\View\View->render('Dashboard', [], true)
 3 APPPATH\Controllers\Dash_controller.php(13): view('Dashboard', [...])
 4 SYSTEMPATH\CodeIgniter.php(934): App\Controllers\Dash_controller->dashleet()
 5 SYSTEMPATH\CodeIgniter.php(499): CodeIgniter\CodeIgniter->runController(Object(App\Controllers\Dash_controller))
 6 SYSTEMPATH\CodeIgniter.php(368): CodeIgniter\CodeIgniter->handleRequest(null, Object(Config\Cache), false)
 7 FCPATH\index.php(67): CodeIgniter\CodeIgniter->run()
CRITICAL - 2023-05-30 19:26:43 --> syntax error, unexpected '->' (T_OBJECT_OPERATOR)
in APPPATH\Views\Dashboard.php on line 291.
 1 SYSTEMPATH\View\View.php(216): CodeIgniter\View\View->CodeIgniter\View\{closure}()
 2 SYSTEMPATH\Common.php(1184): CodeIgniter\View\View->render('Dashboard', [], true)
 3 APPPATH\Controllers\Dash_controller.php(13): view('Dashboard', [...])
 4 SYSTEMPATH\CodeIgniter.php(934): App\Controllers\Dash_controller->dashleet()
 5 SYSTEMPATH\CodeIgniter.php(499): CodeIgniter\CodeIgniter->runController(Object(App\Controllers\Dash_controller))
 6 SYSTEMPATH\CodeIgniter.php(368): CodeIgniter\CodeIgniter->handleRequest(null, Object(Config\Cache), false)
 7 FCPATH\index.php(67): CodeIgniter\CodeIgniter->run()
CRITICAL - 2023-05-30 19:26:43 --> syntax error, unexpected '->' (T_OBJECT_OPERATOR)
in APPPATH\Views\Dashboard.php on line 291.
 1 SYSTEMPATH\View\View.php(216): CodeIgniter\View\View->CodeIgniter\View\{closure}()
 2 SYSTEMPATH\Common.php(1184): CodeIgniter\View\View->render('Dashboard', [], true)
 3 APPPATH\Controllers\Dash_controller.php(13): view('Dashboard', [...])
 4 SYSTEMPATH\CodeIgniter.php(934): App\Controllers\Dash_controller->dashleet()
 5 SYSTEMPATH\CodeIgniter.php(499): CodeIgniter\CodeIgniter->runController(Object(App\Controllers\Dash_controller))
 6 SYSTEMPATH\CodeIgniter.php(368): CodeIgniter\CodeIgniter->handleRequest(null, Object(Config\Cache), false)
 7 FCPATH\index.php(67): CodeIgniter\CodeIgniter->run()
CRITICAL - 2023-05-30 19:26:43 --> syntax error, unexpected '->' (T_OBJECT_OPERATOR)
in APPPATH\Views\Dashboard.php on line 291.
 1 SYSTEMPATH\View\View.php(216): CodeIgniter\View\View->CodeIgniter\View\{closure}()
 2 SYSTEMPATH\Common.php(1184): CodeIgniter\View\View->render('Dashboard', [], true)
 3 APPPATH\Controllers\Dash_controller.php(13): view('Dashboard', [...])
 4 SYSTEMPATH\CodeIgniter.php(934): App\Controllers\Dash_controller->dashleet()
 5 SYSTEMPATH\CodeIgniter.php(499): CodeIgniter\CodeIgniter->runController(Object(App\Controllers\Dash_controller))
 6 SYSTEMPATH\CodeIgniter.php(368): CodeIgniter\CodeIgniter->handleRequest(null, Object(Config\Cache), false)
 7 FCPATH\index.php(67): CodeIgniter\CodeIgniter->run()
CRITICAL - 2023-05-30 19:26:43 --> syntax error, unexpected '->' (T_OBJECT_OPERATOR)
in APPPATH\Views\Dashboard.php on line 291.
 1 SYSTEMPATH\View\View.php(216): CodeIgniter\View\View->CodeIgniter\View\{closure}()
 2 SYSTEMPATH\Common.php(1184): CodeIgniter\View\View->render('Dashboard', [], true)
 3 APPPATH\Controllers\Dash_controller.php(13): view('Dashboard', [...])
 4 SYSTEMPATH\CodeIgniter.php(934): App\Controllers\Dash_controller->dashleet()
 5 SYSTEMPATH\CodeIgniter.php(499): CodeIgniter\CodeIgniter->runController(Object(App\Controllers\Dash_controller))
 6 SYSTEMPATH\CodeIgniter.php(368): CodeIgniter\CodeIgniter->handleRequest(null, Object(Config\Cache), false)
 7 FCPATH\index.php(67): CodeIgniter\CodeIgniter->run()
CRITICAL - 2023-05-30 19:26:57 --> syntax error, unexpected ';'
in APPPATH\Views\Dashboard.php on line 291.
 1 SYSTEMPATH\View\View.php(216): CodeIgniter\View\View->CodeIgniter\View\{closure}()
 2 SYSTEMPATH\Common.php(1184): CodeIgniter\View\View->render('Dashboard', [], true)
 3 APPPATH\Controllers\Dash_controller.php(13): view('Dashboard', [...])
 4 SYSTEMPATH\CodeIgniter.php(934): App\Controllers\Dash_controller->dashleet()
 5 SYSTEMPATH\CodeIgniter.php(499): CodeIgniter\CodeIgniter->runController(Object(App\Controllers\Dash_controller))
 6 SYSTEMPATH\CodeIgniter.php(368): CodeIgniter\CodeIgniter->handleRequest(null, Object(Config\Cache), false)
 7 FCPATH\index.php(67): CodeIgniter\CodeIgniter->run()
CRITICAL - 2023-05-30 19:26:58 --> syntax error, unexpected ';'
in APPPATH\Views\Dashboard.php on line 291.
 1 SYSTEMPATH\View\View.php(216): CodeIgniter\View\View->CodeIgniter\View\{closure}()
 2 SYSTEMPATH\Common.php(1184): CodeIgniter\View\View->render('Dashboard', [], true)
 3 APPPATH\Controllers\Dash_controller.php(13): view('Dashboard', [...])
 4 SYSTEMPATH\CodeIgniter.php(934): App\Controllers\Dash_controller->dashleet()
 5 SYSTEMPATH\CodeIgniter.php(499): CodeIgniter\CodeIgniter->runController(Object(App\Controllers\Dash_controller))
 6 SYSTEMPATH\CodeIgniter.php(368): CodeIgniter\CodeIgniter->handleRequest(null, Object(Config\Cache), false)
 7 FCPATH\index.php(67): CodeIgniter\CodeIgniter->run()
CRITICAL - 2023-05-30 19:26:58 --> syntax error, unexpected ';'
in APPPATH\Views\Dashboard.php on line 291.
 1 SYSTEMPATH\View\View.php(216): CodeIgniter\View\View->CodeIgniter\View\{closure}()
 2 SYSTEMPATH\Common.php(1184): CodeIgniter\View\View->render('Dashboard', [], true)
 3 APPPATH\Controllers\Dash_controller.php(13): view('Dashboard', [...])
 4 SYSTEMPATH\CodeIgniter.php(934): App\Controllers\Dash_controller->dashleet()
 5 SYSTEMPATH\CodeIgniter.php(499): CodeIgniter\CodeIgniter->runController(Object(App\Controllers\Dash_controller))
 6 SYSTEMPATH\CodeIgniter.php(368): CodeIgniter\CodeIgniter->handleRequest(null, Object(Config\Cache), false)
 7 FCPATH\index.php(67): CodeIgniter\CodeIgniter->run()
CRITICAL - 2023-05-30 19:26:58 --> syntax error, unexpected ';'
in APPPATH\Views\Dashboard.php on line 291.
 1 SYSTEMPATH\View\View.php(216): CodeIgniter\View\View->CodeIgniter\View\{closure}()
 2 SYSTEMPATH\Common.php(1184): CodeIgniter\View\View->render('Dashboard', [], true)
 3 APPPATH\Controllers\Dash_controller.php(13): view('Dashboard', [...])
 4 SYSTEMPATH\CodeIgniter.php(934): App\Controllers\Dash_controller->dashleet()
 5 SYSTEMPATH\CodeIgniter.php(499): CodeIgniter\CodeIgniter->runController(Object(App\Controllers\Dash_controller))
 6 SYSTEMPATH\CodeIgniter.php(368): CodeIgniter\CodeIgniter->handleRequest(null, Object(Config\Cache), false)
 7 FCPATH\index.php(67): CodeIgniter\CodeIgniter->run()
CRITICAL - 2023-05-30 19:26:58 --> syntax error, unexpected ';'
in APPPATH\Views\Dashboard.php on line 291.
 1 SYSTEMPATH\View\View.php(216): CodeIgniter\View\View->CodeIgniter\View\{closure}()
 2 SYSTEMPATH\Common.php(1184): CodeIgniter\View\View->render('Dashboard', [], true)
 3 APPPATH\Controllers\Dash_controller.php(13): view('Dashboard', [...])
 4 SYSTEMPATH\CodeIgniter.php(934): App\Controllers\Dash_controller->dashleet()
 5 SYSTEMPATH\CodeIgniter.php(499): CodeIgniter\CodeIgniter->runController(Object(App\Controllers\Dash_controller))
 6 SYSTEMPATH\CodeIgniter.php(368): CodeIgniter\CodeIgniter->handleRequest(null, Object(Config\Cache), false)
 7 FCPATH\index.php(67): CodeIgniter\CodeIgniter->run()
CRITICAL - 2023-05-30 19:26:58 --> syntax error, unexpected ';'
in APPPATH\Views\Dashboard.php on line 291.
 1 SYSTEMPATH\View\View.php(216): CodeIgniter\View\View->CodeIgniter\View\{closure}()
 2 SYSTEMPATH\Common.php(1184): CodeIgniter\View\View->render('Dashboard', [], true)
 3 APPPATH\Controllers\Dash_controller.php(13): view('Dashboard', [...])
 4 SYSTEMPATH\CodeIgniter.php(934): App\Controllers\Dash_controller->dashleet()
 5 SYSTEMPATH\CodeIgniter.php(499): CodeIgniter\CodeIgniter->runController(Object(App\Controllers\Dash_controller))
 6 SYSTEMPATH\CodeIgniter.php(368): CodeIgniter\CodeIgniter->handleRequest(null, Object(Config\Cache), false)
 7 FCPATH\index.php(67): CodeIgniter\CodeIgniter->run()
CRITICAL - 2023-05-30 19:26:58 --> syntax error, unexpected ';'
in APPPATH\Views\Dashboard.php on line 291.
 1 SYSTEMPATH\View\View.php(216): CodeIgniter\View\View->CodeIgniter\View\{closure}()
 2 SYSTEMPATH\Common.php(1184): CodeIgniter\View\View->render('Dashboard', [], true)
 3 APPPATH\Controllers\Dash_controller.php(13): view('Dashboard', [...])
 4 SYSTEMPATH\CodeIgniter.php(934): App\Controllers\Dash_controller->dashleet()
 5 SYSTEMPATH\CodeIgniter.php(499): CodeIgniter\CodeIgniter->runController(Object(App\Controllers\Dash_controller))
 6 SYSTEMPATH\CodeIgniter.php(368): CodeIgniter\CodeIgniter->handleRequest(null, Object(Config\Cache), false)
 7 FCPATH\index.php(67): CodeIgniter\CodeIgniter->run()
CRITICAL - 2023-05-30 19:26:58 --> syntax error, unexpected ';'
in APPPATH\Views\Dashboard.php on line 291.
 1 SYSTEMPATH\View\View.php(216): CodeIgniter\View\View->CodeIgniter\View\{closure}()
 2 SYSTEMPATH\Common.php(1184): CodeIgniter\View\View->render('Dashboard', [], true)
 3 APPPATH\Controllers\Dash_controller.php(13): view('Dashboard', [...])
 4 SYSTEMPATH\CodeIgniter.php(934): App\Controllers\Dash_controller->dashleet()
 5 SYSTEMPATH\CodeIgniter.php(499): CodeIgniter\CodeIgniter->runController(Object(App\Controllers\Dash_controller))
 6 SYSTEMPATH\CodeIgniter.php(368): CodeIgniter\CodeIgniter->handleRequest(null, Object(Config\Cache), false)
 7 FCPATH\index.php(67): CodeIgniter\CodeIgniter->run()
CRITICAL - 2023-05-30 19:26:59 --> syntax error, unexpected ';'
in APPPATH\Views\Dashboard.php on line 291.
 1 SYSTEMPATH\View\View.php(216): CodeIgniter\View\View->CodeIgniter\View\{closure}()
 2 SYSTEMPATH\Common.php(1184): CodeIgniter\View\View->render('Dashboard', [], true)
 3 APPPATH\Controllers\Dash_controller.php(13): view('Dashboard', [...])
 4 SYSTEMPATH\CodeIgniter.php(934): App\Controllers\Dash_controller->dashleet()
 5 SYSTEMPATH\CodeIgniter.php(499): CodeIgniter\CodeIgniter->runController(Object(App\Controllers\Dash_controller))
 6 SYSTEMPATH\CodeIgniter.php(368): CodeIgniter\CodeIgniter->handleRequest(null, Object(Config\Cache), false)
 7 FCPATH\index.php(67): CodeIgniter\CodeIgniter->run()
CRITICAL - 2023-05-30 19:26:59 --> syntax error, unexpected ';'
in APPPATH\Views\Dashboard.php on line 291.
 1 SYSTEMPATH\View\View.php(216): CodeIgniter\View\View->CodeIgniter\View\{closure}()
 2 SYSTEMPATH\Common.php(1184): CodeIgniter\View\View->render('Dashboard', [], true)
 3 APPPATH\Controllers\Dash_controller.php(13): view('Dashboard', [...])
 4 SYSTEMPATH\CodeIgniter.php(934): App\Controllers\Dash_controller->dashleet()
 5 SYSTEMPATH\CodeIgniter.php(499): CodeIgniter\CodeIgniter->runController(Object(App\Controllers\Dash_controller))
 6 SYSTEMPATH\CodeIgniter.php(368): CodeIgniter\CodeIgniter->handleRequest(null, Object(Config\Cache), false)
 7 FCPATH\index.php(67): CodeIgniter\CodeIgniter->run()
CRITICAL - 2023-05-30 19:26:59 --> syntax error, unexpected ';'
in APPPATH\Views\Dashboard.php on line 291.
 1 SYSTEMPATH\View\View.php(216): CodeIgniter\View\View->CodeIgniter\View\{closure}()
 2 SYSTEMPATH\Common.php(1184): CodeIgniter\View\View->render('Dashboard', [], true)
 3 APPPATH\Controllers\Dash_controller.php(13): view('Dashboard', [...])
 4 SYSTEMPATH\CodeIgniter.php(934): App\Controllers\Dash_controller->dashleet()
 5 SYSTEMPATH\CodeIgniter.php(499): CodeIgniter\CodeIgniter->runController(Object(App\Controllers\Dash_controller))
 6 SYSTEMPATH\CodeIgniter.php(368): CodeIgniter\CodeIgniter->handleRequest(null, Object(Config\Cache), false)
 7 FCPATH\index.php(67): CodeIgniter\CodeIgniter->run()
CRITICAL - 2023-05-30 19:26:59 --> syntax error, unexpected ';'
in APPPATH\Views\Dashboard.php on line 291.
 1 SYSTEMPATH\View\View.php(216): CodeIgniter\View\View->CodeIgniter\View\{closure}()
 2 SYSTEMPATH\Common.php(1184): CodeIgniter\View\View->render('Dashboard', [], true)
 3 APPPATH\Controllers\Dash_controller.php(13): view('Dashboard', [...])
 4 SYSTEMPATH\CodeIgniter.php(934): App\Controllers\Dash_controller->dashleet()
 5 SYSTEMPATH\CodeIgniter.php(499): CodeIgniter\CodeIgniter->runController(Object(App\Controllers\Dash_controller))
 6 SYSTEMPATH\CodeIgniter.php(368): CodeIgniter\CodeIgniter->handleRequest(null, Object(Config\Cache), false)
 7 FCPATH\index.php(67): CodeIgniter\CodeIgniter->run()
CRITICAL - 2023-05-30 19:26:59 --> syntax error, unexpected ';'
in APPPATH\Views\Dashboard.php on line 291.
 1 SYSTEMPATH\View\View.php(216): CodeIgniter\View\View->CodeIgniter\View\{closure}()
 2 SYSTEMPATH\Common.php(1184): CodeIgniter\View\View->render('Dashboard', [], true)
 3 APPPATH\Controllers\Dash_controller.php(13): view('Dashboard', [...])
 4 SYSTEMPATH\CodeIgniter.php(934): App\Controllers\Dash_controller->dashleet()
 5 SYSTEMPATH\CodeIgniter.php(499): CodeIgniter\CodeIgniter->runController(Object(App\Controllers\Dash_controller))
 6 SYSTEMPATH\CodeIgniter.php(368): CodeIgniter\CodeIgniter->handleRequest(null, Object(Config\Cache), false)
 7 FCPATH\index.php(67): CodeIgniter\CodeIgniter->run()
CRITICAL - 2023-05-30 19:26:59 --> syntax error, unexpected ';'
in APPPATH\Views\Dashboard.php on line 291.
 1 SYSTEMPATH\View\View.php(216): CodeIgniter\View\View->CodeIgniter\View\{closure}()
 2 SYSTEMPATH\Common.php(1184): CodeIgniter\View\View->render('Dashboard', [], true)
 3 APPPATH\Controllers\Dash_controller.php(13): view('Dashboard', [...])
 4 SYSTEMPATH\CodeIgniter.php(934): App\Controllers\Dash_controller->dashleet()
 5 SYSTEMPATH\CodeIgniter.php(499): CodeIgniter\CodeIgniter->runController(Object(App\Controllers\Dash_controller))
 6 SYSTEMPATH\CodeIgniter.php(368): CodeIgniter\CodeIgniter->handleRequest(null, Object(Config\Cache), false)
 7 FCPATH\index.php(67): CodeIgniter\CodeIgniter->run()
CRITICAL - 2023-05-30 19:27:00 --> syntax error, unexpected ';'
in APPPATH\Views\Dashboard.php on line 291.
 1 SYSTEMPATH\View\View.php(216): CodeIgniter\View\View->CodeIgniter\View\{closure}()
 2 SYSTEMPATH\Common.php(1184): CodeIgniter\View\View->render('Dashboard', [], true)
 3 APPPATH\Controllers\Dash_controller.php(13): view('Dashboard', [...])
 4 SYSTEMPATH\CodeIgniter.php(934): App\Controllers\Dash_controller->dashleet()
 5 SYSTEMPATH\CodeIgniter.php(499): CodeIgniter\CodeIgniter->runController(Object(App\Controllers\Dash_controller))
 6 SYSTEMPATH\CodeIgniter.php(368): CodeIgniter\CodeIgniter->handleRequest(null, Object(Config\Cache), false)
 7 FCPATH\index.php(67): CodeIgniter\CodeIgniter->run()
CRITICAL - 2023-05-30 19:27:00 --> syntax error, unexpected ';'
in APPPATH\Views\Dashboard.php on line 291.
 1 SYSTEMPATH\View\View.php(216): CodeIgniter\View\View->CodeIgniter\View\{closure}()
 2 SYSTEMPATH\Common.php(1184): CodeIgniter\View\View->render('Dashboard', [], true)
 3 APPPATH\Controllers\Dash_controller.php(13): view('Dashboard', [...])
 4 SYSTEMPATH\CodeIgniter.php(934): App\Controllers\Dash_controller->dashleet()
 5 SYSTEMPATH\CodeIgniter.php(499): CodeIgniter\CodeIgniter->runController(Object(App\Controllers\Dash_controller))
 6 SYSTEMPATH\CodeIgniter.php(368): CodeIgniter\CodeIgniter->handleRequest(null, Object(Config\Cache), false)
 7 FCPATH\index.php(67): CodeIgniter\CodeIgniter->run()
CRITICAL - 2023-05-30 19:27:05 --> Call to undefined method CodeIgniter\View\View::view()
in APPPATH\Views\Dashboard.php on line 291.
 1 SYSTEMPATH\View\View.php(213): include()
 2 SYSTEMPATH\View\View.php(216): CodeIgniter\View\View->CodeIgniter\View\{closure}()
 3 SYSTEMPATH\Common.php(1184): CodeIgniter\View\View->render('Dashboard', [], true)
 4 APPPATH\Controllers\Dash_controller.php(13): view('Dashboard', [...])
 5 SYSTEMPATH\CodeIgniter.php(934): App\Controllers\Dash_controller->dashleet()
 6 SYSTEMPATH\CodeIgniter.php(499): CodeIgniter\CodeIgniter->runController(Object(App\Controllers\Dash_controller))
 7 SYSTEMPATH\CodeIgniter.php(368): CodeIgniter\CodeIgniter->handleRequest(null, Object(Config\Cache), false)
 8 FCPATH\index.php(67): CodeIgniter\CodeIgniter->run()
CRITICAL - 2023-05-30 19:31:48 --> Call to undefined method CodeIgniter\View\View::view()
in APPPATH\Views\Dashboard.php on line 291.
 1 SYSTEMPATH\View\View.php(213): include()
 2 SYSTEMPATH\View\View.php(216): CodeIgniter\View\View->CodeIgniter\View\{closure}()
 3 SYSTEMPATH\Common.php(1184): CodeIgniter\View\View->render('Dashboard', [], true)
 4 APPPATH\Controllers\Dash_controller.php(13): view('Dashboard', [...])
 5 SYSTEMPATH\CodeIgniter.php(934): App\Controllers\Dash_controller->dashleet()
 6 SYSTEMPATH\CodeIgniter.php(499): CodeIgniter\CodeIgniter->runController(Object(App\Controllers\Dash_controller))
 7 SYSTEMPATH\CodeIgniter.php(368): CodeIgniter\CodeIgniter->handleRequest(null, Object(Config\Cache), false)
 8 FCPATH\index.php(67): CodeIgniter\CodeIgniter->run()
CRITICAL - 2023-05-30 19:31:49 --> Call to undefined method CodeIgniter\View\View::view()
in APPPATH\Views\Dashboard.php on line 291.
 1 SYSTEMPATH\View\View.php(213): include()
 2 SYSTEMPATH\View\View.php(216): CodeIgniter\View\View->CodeIgniter\View\{closure}()
 3 SYSTEMPATH\Common.php(1184): CodeIgniter\View\View->render('Dashboard', [], true)
 4 APPPATH\Controllers\Dash_controller.php(13): view('Dashboard', [...])
 5 SYSTEMPATH\CodeIgniter.php(934): App\Controllers\Dash_controller->dashleet()
 6 SYSTEMPATH\CodeIgniter.php(499): CodeIgniter\CodeIgniter->runController(Object(App\Controllers\Dash_controller))
 7 SYSTEMPATH\CodeIgniter.php(368): CodeIgniter\CodeIgniter->handleRequest(null, Object(Config\Cache), false)
 8 FCPATH\index.php(67): CodeIgniter\CodeIgniter->run()
CRITICAL - 2023-05-30 19:31:49 --> Call to undefined method CodeIgniter\View\View::view()
in APPPATH\Views\Dashboard.php on line 291.
 1 SYSTEMPATH\View\View.php(213): include()
 2 SYSTEMPATH\View\View.php(216): CodeIgniter\View\View->CodeIgniter\View\{closure}()
 3 SYSTEMPATH\Common.php(1184): CodeIgniter\View\View->render('Dashboard', [], true)
 4 APPPATH\Controllers\Dash_controller.php(13): view('Dashboard', [...])
 5 SYSTEMPATH\CodeIgniter.php(934): App\Controllers\Dash_controller->dashleet()
 6 SYSTEMPATH\CodeIgniter.php(499): CodeIgniter\CodeIgniter->runController(Object(App\Controllers\Dash_controller))
 7 SYSTEMPATH\CodeIgniter.php(368): CodeIgniter\CodeIgniter->handleRequest(null, Object(Config\Cache), false)
 8 FCPATH\index.php(67): CodeIgniter\CodeIgniter->run()
CRITICAL - 2023-05-30 19:31:50 --> Call to undefined method CodeIgniter\View\View::view()
in APPPATH\Views\Dashboard.php on line 291.
 1 SYSTEMPATH\View\View.php(213): include()
 2 SYSTEMPATH\View\View.php(216): CodeIgniter\View\View->CodeIgniter\View\{closure}()
 3 SYSTEMPATH\Common.php(1184): CodeIgniter\View\View->render('Dashboard', [], true)
 4 APPPATH\Controllers\Dash_controller.php(13): view('Dashboard', [...])
 5 SYSTEMPATH\CodeIgniter.php(934): App\Controllers\Dash_controller->dashleet()
 6 SYSTEMPATH\CodeIgniter.php(499): CodeIgniter\CodeIgniter->runController(Object(App\Controllers\Dash_controller))
 7 SYSTEMPATH\CodeIgniter.php(368): CodeIgniter\CodeIgniter->handleRequest(null, Object(Config\Cache), false)
 8 FCPATH\index.php(67): CodeIgniter\CodeIgniter->run()
CRITICAL - 2023-05-30 19:31:50 --> Call to undefined method CodeIgniter\View\View::view()
in APPPATH\Views\Dashboard.php on line 291.
 1 SYSTEMPATH\View\View.php(213): include()
 2 SYSTEMPATH\View\View.php(216): CodeIgniter\View\View->CodeIgniter\View\{closure}()
 3 SYSTEMPATH\Common.php(1184): CodeIgniter\View\View->render('Dashboard', [], true)
 4 APPPATH\Controllers\Dash_controller.php(13): view('Dashboard', [...])
 5 SYSTEMPATH\CodeIgniter.php(934): App\Controllers\Dash_controller->dashleet()
 6 SYSTEMPATH\CodeIgniter.php(499): CodeIgniter\CodeIgniter->runController(Object(App\Controllers\Dash_controller))
 7 SYSTEMPATH\CodeIgniter.php(368): CodeIgniter\CodeIgniter->handleRequest(null, Object(Config\Cache), false)
 8 FCPATH\index.php(67): CodeIgniter\CodeIgniter->run()
CRITICAL - 2023-05-30 19:31:50 --> Call to undefined method CodeIgniter\View\View::view()
in APPPATH\Views\Dashboard.php on line 291.
 1 SYSTEMPATH\View\View.php(213): include()
 2 SYSTEMPATH\View\View.php(216): CodeIgniter\View\View->CodeIgniter\View\{closure}()
 3 SYSTEMPATH\Common.php(1184): CodeIgniter\View\View->render('Dashboard', [], true)
 4 APPPATH\Controllers\Dash_controller.php(13): view('Dashboard', [...])
 5 SYSTEMPATH\CodeIgniter.php(934): App\Controllers\Dash_controller->dashleet()
 6 SYSTEMPATH\CodeIgniter.php(499): CodeIgniter\CodeIgniter->runController(Object(App\Controllers\Dash_controller))
 7 SYSTEMPATH\CodeIgniter.php(368): CodeIgniter\CodeIgniter->handleRequest(null, Object(Config\Cache), false)
 8 FCPATH\index.php(67): CodeIgniter\CodeIgniter->run()
CRITICAL - 2023-05-30 19:31:51 --> Call to undefined method CodeIgniter\View\View::view()
in APPPATH\Views\Dashboard.php on line 291.
 1 SYSTEMPATH\View\View.php(213): include()
 2 SYSTEMPATH\View\View.php(216): CodeIgniter\View\View->CodeIgniter\View\{closure}()
 3 SYSTEMPATH\Common.php(1184): CodeIgniter\View\View->render('Dashboard', [], true)
 4 APPPATH\Controllers\Dash_controller.php(13): view('Dashboard', [...])
 5 SYSTEMPATH\CodeIgniter.php(934): App\Controllers\Dash_controller->dashleet()
 6 SYSTEMPATH\CodeIgniter.php(499): CodeIgniter\CodeIgniter->runController(Object(App\Controllers\Dash_controller))
 7 SYSTEMPATH\CodeIgniter.php(368): CodeIgniter\CodeIgniter->handleRequest(null, Object(Config\Cache), false)
 8 FCPATH\index.php(67): CodeIgniter\CodeIgniter->run()
CRITICAL - 2023-05-30 19:31:51 --> Call to undefined method CodeIgniter\View\View::view()
in APPPATH\Views\Dashboard.php on line 291.
 1 SYSTEMPATH\View\View.php(213): include()
 2 SYSTEMPATH\View\View.php(216): CodeIgniter\View\View->CodeIgniter\View\{closure}()
 3 SYSTEMPATH\Common.php(1184): CodeIgniter\View\View->render('Dashboard', [], true)
 4 APPPATH\Controllers\Dash_controller.php(13): view('Dashboard', [...])
 5 SYSTEMPATH\CodeIgniter.php(934): App\Controllers\Dash_controller->dashleet()
 6 SYSTEMPATH\CodeIgniter.php(499): CodeIgniter\CodeIgniter->runController(Object(App\Controllers\Dash_controller))
 7 SYSTEMPATH\CodeIgniter.php(368): CodeIgniter\CodeIgniter->handleRequest(null, Object(Config\Cache), false)
 8 FCPATH\index.php(67): CodeIgniter\CodeIgniter->run()
CRITICAL - 2023-05-30 19:31:51 --> Call to undefined method CodeIgniter\View\View::view()
in APPPATH\Views\Dashboard.php on line 291.
 1 SYSTEMPATH\View\View.php(213): include()
 2 SYSTEMPATH\View\View.php(216): CodeIgniter\View\View->CodeIgniter\View\{closure}()
 3 SYSTEMPATH\Common.php(1184): CodeIgniter\View\View->render('Dashboard', [], true)
 4 APPPATH\Controllers\Dash_controller.php(13): view('Dashboard', [...])
 5 SYSTEMPATH\CodeIgniter.php(934): App\Controllers\Dash_controller->dashleet()
 6 SYSTEMPATH\CodeIgniter.php(499): CodeIgniter\CodeIgniter->runController(Object(App\Controllers\Dash_controller))
 7 SYSTEMPATH\CodeIgniter.php(368): CodeIgniter\CodeIgniter->handleRequest(null, Object(Config\Cache), false)
 8 FCPATH\index.php(67): CodeIgniter\CodeIgniter->run()
CRITICAL - 2023-05-30 19:33:56 --> syntax error, unexpected 'return' (T_RETURN), expecting ';' or ','
in APPPATH\Views\Dashboard.php on line 290.
 1 SYSTEMPATH\View\View.php(216): CodeIgniter\View\View->CodeIgniter\View\{closure}()
 2 SYSTEMPATH\Common.php(1184): CodeIgniter\View\View->render('Dashboard', [], true)
 3 APPPATH\Controllers\Dash_controller.php(13): view('Dashboard', [...])
 4 SYSTEMPATH\CodeIgniter.php(934): App\Controllers\Dash_controller->dashleet()
 5 SYSTEMPATH\CodeIgniter.php(499): CodeIgniter\CodeIgniter->runController(Object(App\Controllers\Dash_controller))
 6 SYSTEMPATH\CodeIgniter.php(368): CodeIgniter\CodeIgniter->handleRequest(null, Object(Config\Cache), false)
 7 FCPATH\index.php(67): CodeIgniter\CodeIgniter->run()
