CRITICAL - 2023-06-05 17:21:04 --> syntax error, unexpected 'public' (T_PUBLIC)
in APPPATH\Controllers\CadsPedido_controller.php on line 40.
 1 SYSTEMPATH\Autoloader\Autoloader.php(289): CodeIgniter\Autoloader\Autoloader->includeFile('C:\\wamp64\\www\\gerenciador-leet\\app\\Controllers\\CadsPedido_controller.php')
 2 SYSTEMPATH\Autoloader\Autoloader.php(267): CodeIgniter\Autoloader\Autoloader->loadInNamespace('App\\Controllers\\CadsPedido_controller')
 3 [internal function]: CodeIgniter\Autoloader\Autoloader->loadClass('App\\Controllers\\CadsPedido_controller')
 4 [internal function]: spl_autoload_call('App\\Controllers\\CadsPedido_controller')
 5 SYSTEMPATH\CodeIgniter.php(892): class_exists('\\App\\Controllers\\CadsPedido_controller', true)
 6 SYSTEMPATH\CodeIgniter.php(486): CodeIgniter\CodeIgniter->startController()
 7 SYSTEMPATH\CodeIgniter.php(368): CodeIgniter\CodeIgniter->handleRequest(null, Object(Config\Cache), false)
 8 FCPATH\index.php(67): CodeIgniter\CodeIgniter->run()
CRITICAL - 2023-06-05 17:23:20 --> Invalid argument supplied for foreach()
in APPPATH\Controllers\CadsPedido_controller.php on line 29.
 1 APPPATH\Controllers\CadsPedido_controller.php(29): CodeIgniter\Debug\Exceptions->errorHandler(2, 'Invalid argument supplied for foreach()', 'C:\\wamp64\\www\\gerenciador-leet\\app\\Controllers\\CadsPedido_controller.php', 29, [...])
 2 SYSTEMPATH\CodeIgniter.php(934): App\Controllers\CadsPedido_controller->InsereDadosPedido()
 3 SYSTEMPATH\CodeIgniter.php(499): CodeIgniter\CodeIgniter->runController(Object(App\Controllers\CadsPedido_controller))
 4 SYSTEMPATH\CodeIgniter.php(368): CodeIgniter\CodeIgniter->handleRequest(null, Object(Config\Cache), false)
 5 FCPATH\index.php(67): CodeIgniter\CodeIgniter->run()
CRITICAL - 2023-06-05 17:24:45 --> Invalid argument supplied for foreach()
in APPPATH\Controllers\CadsPedido_controller.php on line 29.
 1 APPPATH\Controllers\CadsPedido_controller.php(29): CodeIgniter\Debug\Exceptions->errorHandler(2, 'Invalid argument supplied for foreach()', 'C:\\wamp64\\www\\gerenciador-leet\\app\\Controllers\\CadsPedido_controller.php', 29, [...])
 2 SYSTEMPATH\CodeIgniter.php(934): App\Controllers\CadsPedido_controller->InsereDadosPedido()
 3 SYSTEMPATH\CodeIgniter.php(499): CodeIgniter\CodeIgniter->runController(Object(App\Controllers\CadsPedido_controller))
 4 SYSTEMPATH\CodeIgniter.php(368): CodeIgniter\CodeIgniter->handleRequest(null, Object(Config\Cache), false)
 5 FCPATH\index.php(67): CodeIgniter\CodeIgniter->run()
CRITICAL - 2023-06-05 17:33:08 --> Undefined variable: db
in APPPATH\Controllers\CadsPedido_controller.php on line 35.
 1 APPPATH\Controllers\CadsPedido_controller.php(35): CodeIgniter\Debug\Exceptions->errorHandler(8, 'Undefined variable: db', 'C:\\wamp64\\www\\gerenciador-leet\\app\\Controllers\\CadsPedido_controller.php', 35, [...])
 2 SYSTEMPATH\CodeIgniter.php(934): App\Controllers\CadsPedido_controller->InsereDadosPedido()
 3 SYSTEMPATH\CodeIgniter.php(499): CodeIgniter\CodeIgniter->runController(Object(App\Controllers\CadsPedido_controller))
 4 SYSTEMPATH\CodeIgniter.php(368): CodeIgniter\CodeIgniter->handleRequest(null, Object(Config\Cache), false)
 5 FCPATH\index.php(67): CodeIgniter\CodeIgniter->run()
ERROR - 2023-06-05 17:34:24 --> mysqli_sql_exception: Cannot add or update a child row: a foreign key constraint fails (`bd_leet`.`tb_produtos_pedido`, CONSTRAINT `FK_pedidos` FOREIGN KEY (`pedidos`) REFERENCES `tb_pedido` (`id_pedido`) ON DELETE NO ACTION ON UPDATE NO ACTION) in C:\wamp64\www\gerenciador-leet\system\Database\MySQLi\Connection.php:295
Stack trace:
#0 C:\wamp64\www\gerenciador-leet\system\Database\MySQLi\Connection.php(295): mysqli->query('INSERT INTO `tb...', 0)
#1 C:\wamp64\www\gerenciador-leet\system\Database\BaseConnection.php(692): CodeIgniter\Database\MySQLi\Connection->execute('INSERT INTO `tb...')
#2 C:\wamp64\www\gerenciador-leet\system\Database\BaseConnection.php(606): CodeIgniter\Database\BaseConnection->simpleQuery('INSERT INTO `tb...')
#3 C:\wamp64\www\gerenciador-leet\system\Database\BaseBuilder.php(2309): CodeIgniter\Database\BaseConnection->query('INSERT INTO `tb...', Array, false)
#4 C:\wamp64\www\gerenciador-leet\app\Controllers\CadsPedido_controller.php(38): CodeIgniter\Database\BaseBuilder->insert(Array)
#5 C:\wamp64\www\gerenciador-leet\system\CodeIgniter.php(934): App\Controllers\CadsPedido_controller->InsereDadosPedido()
#6 C:\wamp64\www\gerenciador-leet\system\CodeIgniter.php(499): CodeIgniter\CodeIgniter->runController(Object(App\Controllers\CadsPedido_controller))
#7 C:\wamp64\www\gerenciador-leet\system\CodeIgniter.php(368): CodeIgniter\CodeIgniter->handleRequest(NULL, Object(Config\Cache), false)
#8 C:\wamp64\www\gerenciador-leet\public\index.php(67): CodeIgniter\CodeIgniter->run()
#9 {main}
ERROR - 2023-06-05 17:34:24 --> mysqli_sql_exception: Cannot add or update a child row: a foreign key constraint fails (`bd_leet`.`tb_produtos_pedido`, CONSTRAINT `FK_pedidos` FOREIGN KEY (`pedidos`) REFERENCES `tb_pedido` (`id_pedido`) ON DELETE NO ACTION ON UPDATE NO ACTION) in C:\wamp64\www\gerenciador-leet\system\Database\MySQLi\Connection.php:295
Stack trace:
#0 C:\wamp64\www\gerenciador-leet\system\Database\MySQLi\Connection.php(295): mysqli->query('INSERT INTO `tb...', 0)
#1 C:\wamp64\www\gerenciador-leet\system\Database\BaseConnection.php(692): CodeIgniter\Database\MySQLi\Connection->execute('INSERT INTO `tb...')
#2 C:\wamp64\www\gerenciador-leet\system\Database\BaseConnection.php(606): CodeIgniter\Database\BaseConnection->simpleQuery('INSERT INTO `tb...')
#3 C:\wamp64\www\gerenciador-leet\system\Database\BaseBuilder.php(2309): CodeIgniter\Database\BaseConnection->query('INSERT INTO `tb...', Array, false)
#4 C:\wamp64\www\gerenciador-leet\app\Controllers\CadsPedido_controller.php(38): CodeIgniter\Database\BaseBuilder->insert(Array)
#5 C:\wamp64\www\gerenciador-leet\system\CodeIgniter.php(934): App\Controllers\CadsPedido_controller->InsereDadosPedido()
#6 C:\wamp64\www\gerenciador-leet\system\CodeIgniter.php(499): CodeIgniter\CodeIgniter->runController(Object(App\Controllers\CadsPedido_controller))
#7 C:\wamp64\www\gerenciador-leet\system\CodeIgniter.php(368): CodeIgniter\CodeIgniter->handleRequest(NULL, Object(Config\Cache), false)
#8 C:\wamp64\www\gerenciador-leet\public\index.php(67): CodeIgniter\CodeIgniter->run()
#9 {main}
CRITICAL - 2023-06-05 17:36:19 --> Call to undefined method CodeIgniter\Database\MySQLi\Builder::save()
in APPPATH\Controllers\CadsPedido_controller.php on line 37.
 1 SYSTEMPATH\CodeIgniter.php(934): App\Controllers\CadsPedido_controller->InsereDadosPedido()
 2 SYSTEMPATH\CodeIgniter.php(499): CodeIgniter\CodeIgniter->runController(Object(App\Controllers\CadsPedido_controller))
 3 SYSTEMPATH\CodeIgniter.php(368): CodeIgniter\CodeIgniter->handleRequest(null, Object(Config\Cache), false)
 4 FCPATH\index.php(67): CodeIgniter\CodeIgniter->run()
ERROR - 2023-06-05 17:36:41 --> mysqli_sql_exception: Cannot add or update a child row: a foreign key constraint fails (`bd_leet`.`tb_produtos_pedido`, CONSTRAINT `FK_pedidos` FOREIGN KEY (`pedidos`) REFERENCES `tb_pedido` (`id_pedido`) ON DELETE NO ACTION ON UPDATE NO ACTION) in C:\wamp64\www\gerenciador-leet\system\Database\MySQLi\Connection.php:295
Stack trace:
#0 C:\wamp64\www\gerenciador-leet\system\Database\MySQLi\Connection.php(295): mysqli->query('INSERT INTO `tb...', 0)
#1 C:\wamp64\www\gerenciador-leet\system\Database\BaseConnection.php(692): CodeIgniter\Database\MySQLi\Connection->execute('INSERT INTO `tb...')
#2 C:\wamp64\www\gerenciador-leet\system\Database\BaseConnection.php(606): CodeIgniter\Database\BaseConnection->simpleQuery('INSERT INTO `tb...')
#3 C:\wamp64\www\gerenciador-leet\system\Database\BaseBuilder.php(2309): CodeIgniter\Database\BaseConnection->query('INSERT INTO `tb...', Array, false)
#4 C:\wamp64\www\gerenciador-leet\app\Controllers\CadsPedido_controller.php(37): CodeIgniter\Database\BaseBuilder->insert(Array)
#5 C:\wamp64\www\gerenciador-leet\system\CodeIgniter.php(934): App\Controllers\CadsPedido_controller->InsereDadosPedido()
#6 C:\wamp64\www\gerenciador-leet\system\CodeIgniter.php(499): CodeIgniter\CodeIgniter->runController(Object(App\Controllers\CadsPedido_controller))
#7 C:\wamp64\www\gerenciador-leet\system\CodeIgniter.php(368): CodeIgniter\CodeIgniter->handleRequest(NULL, Object(Config\Cache), false)
#8 C:\wamp64\www\gerenciador-leet\public\index.php(67): CodeIgniter\CodeIgniter->run()
#9 {main}
ERROR - 2023-06-05 17:36:41 --> mysqli_sql_exception: Cannot add or update a child row: a foreign key constraint fails (`bd_leet`.`tb_produtos_pedido`, CONSTRAINT `FK_pedidos` FOREIGN KEY (`pedidos`) REFERENCES `tb_pedido` (`id_pedido`) ON DELETE NO ACTION ON UPDATE NO ACTION) in C:\wamp64\www\gerenciador-leet\system\Database\MySQLi\Connection.php:295
Stack trace:
#0 C:\wamp64\www\gerenciador-leet\system\Database\MySQLi\Connection.php(295): mysqli->query('INSERT INTO `tb...', 0)
#1 C:\wamp64\www\gerenciador-leet\system\Database\BaseConnection.php(692): CodeIgniter\Database\MySQLi\Connection->execute('INSERT INTO `tb...')
#2 C:\wamp64\www\gerenciador-leet\system\Database\BaseConnection.php(606): CodeIgniter\Database\BaseConnection->simpleQuery('INSERT INTO `tb...')
#3 C:\wamp64\www\gerenciador-leet\system\Database\BaseBuilder.php(2309): CodeIgniter\Database\BaseConnection->query('INSERT INTO `tb...', Array, false)
#4 C:\wamp64\www\gerenciador-leet\app\Controllers\CadsPedido_controller.php(37): CodeIgniter\Database\BaseBuilder->insert(Array)
#5 C:\wamp64\www\gerenciador-leet\system\CodeIgniter.php(934): App\Controllers\CadsPedido_controller->InsereDadosPedido()
#6 C:\wamp64\www\gerenciador-leet\system\CodeIgniter.php(499): CodeIgniter\CodeIgniter->runController(Object(App\Controllers\CadsPedido_controller))
#7 C:\wamp64\www\gerenciador-leet\system\CodeIgniter.php(368): CodeIgniter\CodeIgniter->handleRequest(NULL, Object(Config\Cache), false)
#8 C:\wamp64\www\gerenciador-leet\public\index.php(67): CodeIgniter\CodeIgniter->run()
#9 {main}
ERROR - 2023-06-05 17:36:41 --> mysqli_sql_exception: Cannot add or update a child row: a foreign key constraint fails (`bd_leet`.`tb_produtos_pedido`, CONSTRAINT `FK_pedidos` FOREIGN KEY (`pedidos`) REFERENCES `tb_pedido` (`id_pedido`) ON DELETE NO ACTION ON UPDATE NO ACTION) in C:\wamp64\www\gerenciador-leet\system\Database\MySQLi\Connection.php:295
Stack trace:
#0 C:\wamp64\www\gerenciador-leet\system\Database\MySQLi\Connection.php(295): mysqli->query('INSERT INTO `tb...', 0)
#1 C:\wamp64\www\gerenciador-leet\system\Database\BaseConnection.php(692): CodeIgniter\Database\MySQLi\Connection->execute('INSERT INTO `tb...')
#2 C:\wamp64\www\gerenciador-leet\system\Database\BaseConnection.php(606): CodeIgniter\Database\BaseConnection->simpleQuery('INSERT INTO `tb...')
#3 C:\wamp64\www\gerenciador-leet\system\Database\BaseBuilder.php(2309): CodeIgniter\Database\BaseConnection->query('INSERT INTO `tb...', Array, false)
#4 C:\wamp64\www\gerenciador-leet\app\Controllers\CadsPedido_controller.php(37): CodeIgniter\Database\BaseBuilder->insert(Array)
#5 C:\wamp64\www\gerenciador-leet\system\CodeIgniter.php(934): App\Controllers\CadsPedido_controller->InsereDadosPedido()
#6 C:\wamp64\www\gerenciador-leet\system\CodeIgniter.php(499): CodeIgniter\CodeIgniter->runController(Object(App\Controllers\CadsPedido_controller))
#7 C:\wamp64\www\gerenciador-leet\system\CodeIgniter.php(368): CodeIgniter\CodeIgniter->handleRequest(NULL, Object(Config\Cache), false)
#8 C:\wamp64\www\gerenciador-leet\public\index.php(67): CodeIgniter\CodeIgniter->run()
#9 {main}
ERROR - 2023-06-05 17:37:31 --> mysqli_sql_exception: Cannot add or update a child row: a foreign key constraint fails (`bd_leet`.`tb_produtos_pedido`, CONSTRAINT `FK_pedidos` FOREIGN KEY (`pedidos`) REFERENCES `tb_pedido` (`id_pedido`) ON DELETE NO ACTION ON UPDATE NO ACTION) in C:\wamp64\www\gerenciador-leet\system\Database\MySQLi\Connection.php:295
Stack trace:
#0 C:\wamp64\www\gerenciador-leet\system\Database\MySQLi\Connection.php(295): mysqli->query('INSERT INTO `tb...', 0)
#1 C:\wamp64\www\gerenciador-leet\system\Database\BaseConnection.php(692): CodeIgniter\Database\MySQLi\Connection->execute('INSERT INTO `tb...')
#2 C:\wamp64\www\gerenciador-leet\system\Database\BaseConnection.php(606): CodeIgniter\Database\BaseConnection->simpleQuery('INSERT INTO `tb...')
#3 C:\wamp64\www\gerenciador-leet\system\Database\BaseBuilder.php(2309): CodeIgniter\Database\BaseConnection->query('INSERT INTO `tb...', Array, false)
#4 C:\wamp64\www\gerenciador-leet\app\Controllers\CadsPedido_controller.php(37): CodeIgniter\Database\BaseBuilder->insert(Array)
#5 C:\wamp64\www\gerenciador-leet\system\CodeIgniter.php(934): App\Controllers\CadsPedido_controller->InsereDadosPedido()
#6 C:\wamp64\www\gerenciador-leet\system\CodeIgniter.php(499): CodeIgniter\CodeIgniter->runController(Object(App\Controllers\CadsPedido_controller))
#7 C:\wamp64\www\gerenciador-leet\system\CodeIgniter.php(368): CodeIgniter\CodeIgniter->handleRequest(NULL, Object(Config\Cache), false)
#8 C:\wamp64\www\gerenciador-leet\public\index.php(67): CodeIgniter\CodeIgniter->run()
#9 {main}
ERROR - 2023-06-05 17:37:31 --> mysqli_sql_exception: Cannot add or update a child row: a foreign key constraint fails (`bd_leet`.`tb_produtos_pedido`, CONSTRAINT `FK_pedidos` FOREIGN KEY (`pedidos`) REFERENCES `tb_pedido` (`id_pedido`) ON DELETE NO ACTION ON UPDATE NO ACTION) in C:\wamp64\www\gerenciador-leet\system\Database\MySQLi\Connection.php:295
Stack trace:
#0 C:\wamp64\www\gerenciador-leet\system\Database\MySQLi\Connection.php(295): mysqli->query('INSERT INTO `tb...', 0)
#1 C:\wamp64\www\gerenciador-leet\system\Database\BaseConnection.php(692): CodeIgniter\Database\MySQLi\Connection->execute('INSERT INTO `tb...')
#2 C:\wamp64\www\gerenciador-leet\system\Database\BaseConnection.php(606): CodeIgniter\Database\BaseConnection->simpleQuery('INSERT INTO `tb...')
#3 C:\wamp64\www\gerenciador-leet\system\Database\BaseBuilder.php(2309): CodeIgniter\Database\BaseConnection->query('INSERT INTO `tb...', Array, false)
#4 C:\wamp64\www\gerenciador-leet\app\Controllers\CadsPedido_controller.php(37): CodeIgniter\Database\BaseBuilder->insert(Array)
#5 C:\wamp64\www\gerenciador-leet\system\CodeIgniter.php(934): App\Controllers\CadsPedido_controller->InsereDadosPedido()
#6 C:\wamp64\www\gerenciador-leet\system\CodeIgniter.php(499): CodeIgniter\CodeIgniter->runController(Object(App\Controllers\CadsPedido_controller))
#7 C:\wamp64\www\gerenciador-leet\system\CodeIgniter.php(368): CodeIgniter\CodeIgniter->handleRequest(NULL, Object(Config\Cache), false)
#8 C:\wamp64\www\gerenciador-leet\public\index.php(67): CodeIgniter\CodeIgniter->run()
#9 {main}
ERROR - 2023-06-05 17:40:34 --> mysqli_sql_exception: Cannot add or update a child row: a foreign key constraint fails (`bd_leet`.`tb_produtos_pedido`, CONSTRAINT `FK_pedidos` FOREIGN KEY (`pedidos`) REFERENCES `tb_pedido` (`id_pedido`) ON DELETE NO ACTION ON UPDATE NO ACTION) in C:\wamp64\www\gerenciador-leet\system\Database\MySQLi\Connection.php:295
Stack trace:
#0 C:\wamp64\www\gerenciador-leet\system\Database\MySQLi\Connection.php(295): mysqli->query('INSERT INTO `tb...', 0)
#1 C:\wamp64\www\gerenciador-leet\system\Database\BaseConnection.php(692): CodeIgniter\Database\MySQLi\Connection->execute('INSERT INTO `tb...')
#2 C:\wamp64\www\gerenciador-leet\system\Database\BaseConnection.php(606): CodeIgniter\Database\BaseConnection->simpleQuery('INSERT INTO `tb...')
#3 C:\wamp64\www\gerenciador-leet\system\Database\BaseBuilder.php(2309): CodeIgniter\Database\BaseConnection->query('INSERT INTO `tb...', Array, false)
#4 C:\wamp64\www\gerenciador-leet\app\Controllers\CadsPedido_controller.php(38): CodeIgniter\Database\BaseBuilder->insert(Array)
#5 C:\wamp64\www\gerenciador-leet\system\CodeIgniter.php(934): App\Controllers\CadsPedido_controller->InsereDadosPedido()
#6 C:\wamp64\www\gerenciador-leet\system\CodeIgniter.php(499): CodeIgniter\CodeIgniter->runController(Object(App\Controllers\CadsPedido_controller))
#7 C:\wamp64\www\gerenciador-leet\system\CodeIgniter.php(368): CodeIgniter\CodeIgniter->handleRequest(NULL, Object(Config\Cache), false)
#8 C:\wamp64\www\gerenciador-leet\public\index.php(67): CodeIgniter\CodeIgniter->run()
#9 {main}
ERROR - 2023-06-05 17:58:37 --> mysqli_sql_exception: Cannot add or update a child row: a foreign key constraint fails (`bd_leet`.`tb_produtos_pedido`, CONSTRAINT `FK_pedidos` FOREIGN KEY (`pedidos`) REFERENCES `tb_pedido` (`id_pedido`) ON DELETE NO ACTION ON UPDATE NO ACTION) in C:\wamp64\www\gerenciador-leet\system\Database\MySQLi\Connection.php:295
Stack trace:
#0 C:\wamp64\www\gerenciador-leet\system\Database\MySQLi\Connection.php(295): mysqli->query('INSERT INTO `tb...', 0)
#1 C:\wamp64\www\gerenciador-leet\system\Database\BaseConnection.php(692): CodeIgniter\Database\MySQLi\Connection->execute('INSERT INTO `tb...')
#2 C:\wamp64\www\gerenciador-leet\system\Database\BaseConnection.php(606): CodeIgniter\Database\BaseConnection->simpleQuery('INSERT INTO `tb...')
#3 C:\wamp64\www\gerenciador-leet\system\Database\BaseBuilder.php(2309): CodeIgniter\Database\BaseConnection->query('INSERT INTO `tb...', Array, false)
#4 C:\wamp64\www\gerenciador-leet\app\Controllers\CadsPedido_controller.php(37): CodeIgniter\Database\BaseBuilder->insert(Array)
#5 C:\wamp64\www\gerenciador-leet\system\CodeIgniter.php(934): App\Controllers\CadsPedido_controller->InsereDadosPedido()
#6 C:\wamp64\www\gerenciador-leet\system\CodeIgniter.php(499): CodeIgniter\CodeIgniter->runController(Object(App\Controllers\CadsPedido_controller))
#7 C:\wamp64\www\gerenciador-leet\system\CodeIgniter.php(368): CodeIgniter\CodeIgniter->handleRequest(NULL, Object(Config\Cache), false)
#8 C:\wamp64\www\gerenciador-leet\public\index.php(67): CodeIgniter\CodeIgniter->run()
#9 {main}
ERROR - 2023-06-05 17:58:37 --> mysqli_sql_exception: Cannot add or update a child row: a foreign key constraint fails (`bd_leet`.`tb_produtos_pedido`, CONSTRAINT `FK_pedidos` FOREIGN KEY (`pedidos`) REFERENCES `tb_pedido` (`id_pedido`) ON DELETE NO ACTION ON UPDATE NO ACTION) in C:\wamp64\www\gerenciador-leet\system\Database\MySQLi\Connection.php:295
Stack trace:
#0 C:\wamp64\www\gerenciador-leet\system\Database\MySQLi\Connection.php(295): mysqli->query('INSERT INTO `tb...', 0)
#1 C:\wamp64\www\gerenciador-leet\system\Database\BaseConnection.php(692): CodeIgniter\Database\MySQLi\Connection->execute('INSERT INTO `tb...')
#2 C:\wamp64\www\gerenciador-leet\system\Database\BaseConnection.php(606): CodeIgniter\Database\BaseConnection->simpleQuery('INSERT INTO `tb...')
#3 C:\wamp64\www\gerenciador-leet\system\Database\BaseBuilder.php(2309): CodeIgniter\Database\BaseConnection->query('INSERT INTO `tb...', Array, false)
#4 C:\wamp64\www\gerenciador-leet\app\Controllers\CadsPedido_controller.php(37): CodeIgniter\Database\BaseBuilder->insert(Array)
#5 C:\wamp64\www\gerenciador-leet\system\CodeIgniter.php(934): App\Controllers\CadsPedido_controller->InsereDadosPedido()
#6 C:\wamp64\www\gerenciador-leet\system\CodeIgniter.php(499): CodeIgniter\CodeIgniter->runController(Object(App\Controllers\CadsPedido_controller))
#7 C:\wamp64\www\gerenciador-leet\system\CodeIgniter.php(368): CodeIgniter\CodeIgniter->handleRequest(NULL, Object(Config\Cache), false)
#8 C:\wamp64\www\gerenciador-leet\public\index.php(67): CodeIgniter\CodeIgniter->run()
#9 {main}
CRITICAL - 2023-06-05 18:00:14 --> Call to undefined method CodeIgniter\Database\MySQLi\Builder::save()
in APPPATH\Controllers\CadsPedido_controller.php on line 37.
 1 SYSTEMPATH\CodeIgniter.php(934): App\Controllers\CadsPedido_controller->InsereDadosPedido()
 2 SYSTEMPATH\CodeIgniter.php(499): CodeIgniter\CodeIgniter->runController(Object(App\Controllers\CadsPedido_controller))
 3 SYSTEMPATH\CodeIgniter.php(368): CodeIgniter\CodeIgniter->handleRequest(null, Object(Config\Cache), false)
 4 FCPATH\index.php(67): CodeIgniter\CodeIgniter->run()
ERROR - 2023-06-05 18:00:56 --> mysqli_sql_exception: Cannot add or update a child row: a foreign key constraint fails (`bd_leet`.`tb_produtos_pedido`, CONSTRAINT `FK_pedidos` FOREIGN KEY (`pedidos`) REFERENCES `tb_pedido` (`id_pedido`) ON DELETE NO ACTION ON UPDATE NO ACTION) in C:\wamp64\www\gerenciador-leet\system\Database\MySQLi\Connection.php:295
Stack trace:
#0 C:\wamp64\www\gerenciador-leet\system\Database\MySQLi\Connection.php(295): mysqli->query('INSERT INTO `tb...', 0)
#1 C:\wamp64\www\gerenciador-leet\system\Database\BaseConnection.php(692): CodeIgniter\Database\MySQLi\Connection->execute('INSERT INTO `tb...')
#2 C:\wamp64\www\gerenciador-leet\system\Database\BaseConnection.php(606): CodeIgniter\Database\BaseConnection->simpleQuery('INSERT INTO `tb...')
#3 C:\wamp64\www\gerenciador-leet\system\Database\BaseBuilder.php(2309): CodeIgniter\Database\BaseConnection->query('INSERT INTO `tb...', Array, false)
#4 C:\wamp64\www\gerenciador-leet\app\Controllers\CadsPedido_controller.php(37): CodeIgniter\Database\BaseBuilder->insert(Array)
#5 C:\wamp64\www\gerenciador-leet\system\CodeIgniter.php(934): App\Controllers\CadsPedido_controller->InsereDadosPedido()
#6 C:\wamp64\www\gerenciador-leet\system\CodeIgniter.php(499): CodeIgniter\CodeIgniter->runController(Object(App\Controllers\CadsPedido_controller))
#7 C:\wamp64\www\gerenciador-leet\system\CodeIgniter.php(368): CodeIgniter\CodeIgniter->handleRequest(NULL, Object(Config\Cache), false)
#8 C:\wamp64\www\gerenciador-leet\public\index.php(67): CodeIgniter\CodeIgniter->run()
#9 {main}
ERROR - 2023-06-05 18:00:56 --> mysqli_sql_exception: Cannot add or update a child row: a foreign key constraint fails (`bd_leet`.`tb_produtos_pedido`, CONSTRAINT `FK_pedidos` FOREIGN KEY (`pedidos`) REFERENCES `tb_pedido` (`id_pedido`) ON DELETE NO ACTION ON UPDATE NO ACTION) in C:\wamp64\www\gerenciador-leet\system\Database\MySQLi\Connection.php:295
Stack trace:
#0 C:\wamp64\www\gerenciador-leet\system\Database\MySQLi\Connection.php(295): mysqli->query('INSERT INTO `tb...', 0)
#1 C:\wamp64\www\gerenciador-leet\system\Database\BaseConnection.php(692): CodeIgniter\Database\MySQLi\Connection->execute('INSERT INTO `tb...')
#2 C:\wamp64\www\gerenciador-leet\system\Database\BaseConnection.php(606): CodeIgniter\Database\BaseConnection->simpleQuery('INSERT INTO `tb...')
#3 C:\wamp64\www\gerenciador-leet\system\Database\BaseBuilder.php(2309): CodeIgniter\Database\BaseConnection->query('INSERT INTO `tb...', Array, false)
#4 C:\wamp64\www\gerenciador-leet\app\Controllers\CadsPedido_controller.php(37): CodeIgniter\Database\BaseBuilder->insert(Array)
#5 C:\wamp64\www\gerenciador-leet\system\CodeIgniter.php(934): App\Controllers\CadsPedido_controller->InsereDadosPedido()
#6 C:\wamp64\www\gerenciador-leet\system\CodeIgniter.php(499): CodeIgniter\CodeIgniter->runController(Object(App\Controllers\CadsPedido_controller))
#7 C:\wamp64\www\gerenciador-leet\system\CodeIgniter.php(368): CodeIgniter\CodeIgniter->handleRequest(NULL, Object(Config\Cache), false)
#8 C:\wamp64\www\gerenciador-leet\public\index.php(67): CodeIgniter\CodeIgniter->run()
#9 {main}
ERROR - 2023-06-05 18:03:17 --> mysqli_sql_exception: Cannot add or update a child row: a foreign key constraint fails (`bd_leet`.`tb_produtos_pedido`, CONSTRAINT `FK_pedidos` FOREIGN KEY (`pedidos`) REFERENCES `tb_pedido` (`id_pedido`) ON DELETE NO ACTION ON UPDATE NO ACTION) in C:\wamp64\www\gerenciador-leet\system\Database\MySQLi\Connection.php:295
Stack trace:
#0 C:\wamp64\www\gerenciador-leet\system\Database\MySQLi\Connection.php(295): mysqli->query('INSERT INTO `tb...', 0)
#1 C:\wamp64\www\gerenciador-leet\system\Database\BaseConnection.php(692): CodeIgniter\Database\MySQLi\Connection->execute('INSERT INTO `tb...')
#2 C:\wamp64\www\gerenciador-leet\system\Database\BaseConnection.php(606): CodeIgniter\Database\BaseConnection->simpleQuery('INSERT INTO `tb...')
#3 C:\wamp64\www\gerenciador-leet\system\Database\BaseBuilder.php(2309): CodeIgniter\Database\BaseConnection->query('INSERT INTO `tb...', Array, false)
#4 C:\wamp64\www\gerenciador-leet\app\Controllers\CadsPedido_controller.php(37): CodeIgniter\Database\BaseBuilder->insert(Array)
#5 C:\wamp64\www\gerenciador-leet\system\CodeIgniter.php(934): App\Controllers\CadsPedido_controller->InsereDadosPedido()
#6 C:\wamp64\www\gerenciador-leet\system\CodeIgniter.php(499): CodeIgniter\CodeIgniter->runController(Object(App\Controllers\CadsPedido_controller))
#7 C:\wamp64\www\gerenciador-leet\system\CodeIgniter.php(368): CodeIgniter\CodeIgniter->handleRequest(NULL, Object(Config\Cache), false)
#8 C:\wamp64\www\gerenciador-leet\public\index.php(67): CodeIgniter\CodeIgniter->run()
#9 {main}
ERROR - 2023-06-05 18:13:40 --> mysqli_sql_exception: Cannot add or update a child row: a foreign key constraint fails (`bd_leet`.`tb_produtos_pedido`, CONSTRAINT `FK_pedidos` FOREIGN KEY (`pedidos`) REFERENCES `tb_pedido` (`id_pedido`) ON DELETE NO ACTION ON UPDATE NO ACTION) in C:\wamp64\www\gerenciador-leet\system\Database\MySQLi\Connection.php:295
Stack trace:
#0 C:\wamp64\www\gerenciador-leet\system\Database\MySQLi\Connection.php(295): mysqli->query('INSERT INTO `tb...', 0)
#1 C:\wamp64\www\gerenciador-leet\system\Database\BaseConnection.php(692): CodeIgniter\Database\MySQLi\Connection->execute('INSERT INTO `tb...')
#2 C:\wamp64\www\gerenciador-leet\system\Database\BaseConnection.php(606): CodeIgniter\Database\BaseConnection->simpleQuery('INSERT INTO `tb...')
#3 C:\wamp64\www\gerenciador-leet\system\Database\BaseBuilder.php(2309): CodeIgniter\Database\BaseConnection->query('INSERT INTO `tb...', Array, false)
#4 C:\wamp64\www\gerenciador-leet\app\Controllers\CadsPedido_controller.php(79): CodeIgniter\Database\BaseBuilder->insert(Array)
#5 C:\wamp64\www\gerenciador-leet\system\CodeIgniter.php(934): App\Controllers\CadsPedido_controller->InsereDadosPedido()
#6 C:\wamp64\www\gerenciador-leet\system\CodeIgniter.php(499): CodeIgniter\CodeIgniter->runController(Object(App\Controllers\CadsPedido_controller))
#7 C:\wamp64\www\gerenciador-leet\system\CodeIgniter.php(368): CodeIgniter\CodeIgniter->handleRequest(NULL, Object(Config\Cache), false)
#8 C:\wamp64\www\gerenciador-leet\public\index.php(67): CodeIgniter\CodeIgniter->run()
#9 {main}
ERROR - 2023-06-05 18:13:40 --> mysqli_sql_exception: Cannot add or update a child row: a foreign key constraint fails (`bd_leet`.`tb_produtos_pedido`, CONSTRAINT `FK_pedidos` FOREIGN KEY (`pedidos`) REFERENCES `tb_pedido` (`id_pedido`) ON DELETE NO ACTION ON UPDATE NO ACTION) in C:\wamp64\www\gerenciador-leet\system\Database\MySQLi\Connection.php:295
Stack trace:
#0 C:\wamp64\www\gerenciador-leet\system\Database\MySQLi\Connection.php(295): mysqli->query('INSERT INTO `tb...', 0)
#1 C:\wamp64\www\gerenciador-leet\system\Database\BaseConnection.php(692): CodeIgniter\Database\MySQLi\Connection->execute('INSERT INTO `tb...')
#2 C:\wamp64\www\gerenciador-leet\system\Database\BaseConnection.php(606): CodeIgniter\Database\BaseConnection->simpleQuery('INSERT INTO `tb...')
#3 C:\wamp64\www\gerenciador-leet\system\Database\BaseBuilder.php(2309): CodeIgniter\Database\BaseConnection->query('INSERT INTO `tb...', Array, false)
#4 C:\wamp64\www\gerenciador-leet\app\Controllers\CadsPedido_controller.php(79): CodeIgniter\Database\BaseBuilder->insert(Array)
#5 C:\wamp64\www\gerenciador-leet\system\CodeIgniter.php(934): App\Controllers\CadsPedido_controller->InsereDadosPedido()
#6 C:\wamp64\www\gerenciador-leet\system\CodeIgniter.php(499): CodeIgniter\CodeIgniter->runController(Object(App\Controllers\CadsPedido_controller))
#7 C:\wamp64\www\gerenciador-leet\system\CodeIgniter.php(368): CodeIgniter\CodeIgniter->handleRequest(NULL, Object(Config\Cache), false)
#8 C:\wamp64\www\gerenciador-leet\public\index.php(67): CodeIgniter\CodeIgniter->run()
#9 {main}
ERROR - 2023-06-05 18:21:09 --> mysqli_sql_exception: Cannot add or update a child row: a foreign key constraint fails (`bd_leet`.`tb_produtos_pedido`, CONSTRAINT `FK_pedidos` FOREIGN KEY (`pedidos`) REFERENCES `tb_pedido` (`id_pedido`) ON DELETE NO ACTION ON UPDATE NO ACTION) in C:\wamp64\www\gerenciador-leet\system\Database\MySQLi\Connection.php:295
Stack trace:
#0 C:\wamp64\www\gerenciador-leet\system\Database\MySQLi\Connection.php(295): mysqli->query('INSERT INTO `tb...', 0)
#1 C:\wamp64\www\gerenciador-leet\system\Database\BaseConnection.php(692): CodeIgniter\Database\MySQLi\Connection->execute('INSERT INTO `tb...')
#2 C:\wamp64\www\gerenciador-leet\system\Database\BaseConnection.php(606): CodeIgniter\Database\BaseConnection->simpleQuery('INSERT INTO `tb...')
#3 C:\wamp64\www\gerenciador-leet\system\Database\BaseBuilder.php(2309): CodeIgniter\Database\BaseConnection->query('INSERT INTO `tb...', Array, false)
#4 C:\wamp64\www\gerenciador-leet\app\Controllers\CadsPedido_controller.php(37): CodeIgniter\Database\BaseBuilder->insert(Array)
#5 C:\wamp64\www\gerenciador-leet\system\CodeIgniter.php(934): App\Controllers\CadsPedido_controller->InsereDadosPedido()
#6 C:\wamp64\www\gerenciador-leet\system\CodeIgniter.php(499): CodeIgniter\CodeIgniter->runController(Object(App\Controllers\CadsPedido_controller))
#7 C:\wamp64\www\gerenciador-leet\system\CodeIgniter.php(368): CodeIgniter\CodeIgniter->handleRequest(NULL, Object(Config\Cache), false)
#8 C:\wamp64\www\gerenciador-leet\public\index.php(67): CodeIgniter\CodeIgniter->run()
#9 {main}
ERROR - 2023-06-05 18:21:10 --> mysqli_sql_exception: Cannot add or update a child row: a foreign key constraint fails (`bd_leet`.`tb_produtos_pedido`, CONSTRAINT `FK_pedidos` FOREIGN KEY (`pedidos`) REFERENCES `tb_pedido` (`id_pedido`) ON DELETE NO ACTION ON UPDATE NO ACTION) in C:\wamp64\www\gerenciador-leet\system\Database\MySQLi\Connection.php:295
Stack trace:
#0 C:\wamp64\www\gerenciador-leet\system\Database\MySQLi\Connection.php(295): mysqli->query('INSERT INTO `tb...', 0)
#1 C:\wamp64\www\gerenciador-leet\system\Database\BaseConnection.php(692): CodeIgniter\Database\MySQLi\Connection->execute('INSERT INTO `tb...')
#2 C:\wamp64\www\gerenciador-leet\system\Database\BaseConnection.php(606): CodeIgniter\Database\BaseConnection->simpleQuery('INSERT INTO `tb...')
#3 C:\wamp64\www\gerenciador-leet\system\Database\BaseBuilder.php(2309): CodeIgniter\Database\BaseConnection->query('INSERT INTO `tb...', Array, false)
#4 C:\wamp64\www\gerenciador-leet\app\Controllers\CadsPedido_controller.php(37): CodeIgniter\Database\BaseBuilder->insert(Array)
#5 C:\wamp64\www\gerenciador-leet\system\CodeIgniter.php(934): App\Controllers\CadsPedido_controller->InsereDadosPedido()
#6 C:\wamp64\www\gerenciador-leet\system\CodeIgniter.php(499): CodeIgniter\CodeIgniter->runController(Object(App\Controllers\CadsPedido_controller))
#7 C:\wamp64\www\gerenciador-leet\system\CodeIgniter.php(368): CodeIgniter\CodeIgniter->handleRequest(NULL, Object(Config\Cache), false)
#8 C:\wamp64\www\gerenciador-leet\public\index.php(67): CodeIgniter\CodeIgniter->run()
#9 {main}
CRITICAL - 2023-06-05 18:21:40 --> Invalid argument supplied for foreach()
in APPPATH\Controllers\CadsPedido_controller.php on line 31.
 1 APPPATH\Controllers\CadsPedido_controller.php(31): CodeIgniter\Debug\Exceptions->errorHandler(2, 'Invalid argument supplied for foreach()', 'C:\\wamp64\\www\\gerenciador-leet\\app\\Controllers\\CadsPedido_controller.php', 31, [...])
 2 SYSTEMPATH\CodeIgniter.php(934): App\Controllers\CadsPedido_controller->InsereDadosPedido()
 3 SYSTEMPATH\CodeIgniter.php(499): CodeIgniter\CodeIgniter->runController(Object(App\Controllers\CadsPedido_controller))
 4 SYSTEMPATH\CodeIgniter.php(368): CodeIgniter\CodeIgniter->handleRequest(null, Object(Config\Cache), false)
 5 FCPATH\index.php(67): CodeIgniter\CodeIgniter->run()
CRITICAL - 2023-06-05 18:21:42 --> Invalid argument supplied for foreach()
in APPPATH\Controllers\CadsPedido_controller.php on line 31.
 1 APPPATH\Controllers\CadsPedido_controller.php(31): CodeIgniter\Debug\Exceptions->errorHandler(2, 'Invalid argument supplied for foreach()', 'C:\\wamp64\\www\\gerenciador-leet\\app\\Controllers\\CadsPedido_controller.php', 31, [...])
 2 SYSTEMPATH\CodeIgniter.php(934): App\Controllers\CadsPedido_controller->InsereDadosPedido()
 3 SYSTEMPATH\CodeIgniter.php(499): CodeIgniter\CodeIgniter->runController(Object(App\Controllers\CadsPedido_controller))
 4 SYSTEMPATH\CodeIgniter.php(368): CodeIgniter\CodeIgniter->handleRequest(null, Object(Config\Cache), false)
 5 FCPATH\index.php(67): CodeIgniter\CodeIgniter->run()
CRITICAL - 2023-06-05 18:22:13 --> Invalid argument supplied for foreach()
in APPPATH\Controllers\CadsPedido_controller.php on line 31.
 1 APPPATH\Controllers\CadsPedido_controller.php(31): CodeIgniter\Debug\Exceptions->errorHandler(2, 'Invalid argument supplied for foreach()', 'C:\\wamp64\\www\\gerenciador-leet\\app\\Controllers\\CadsPedido_controller.php', 31, [...])
 2 SYSTEMPATH\CodeIgniter.php(934): App\Controllers\CadsPedido_controller->InsereDadosPedido()
 3 SYSTEMPATH\CodeIgniter.php(499): CodeIgniter\CodeIgniter->runController(Object(App\Controllers\CadsPedido_controller))
 4 SYSTEMPATH\CodeIgniter.php(368): CodeIgniter\CodeIgniter->handleRequest(null, Object(Config\Cache), false)
 5 FCPATH\index.php(67): CodeIgniter\CodeIgniter->run()
ERROR - 2023-06-05 18:22:36 --> mysqli_sql_exception: Cannot add or update a child row: a foreign key constraint fails (`bd_leet`.`tb_produtos_pedido`, CONSTRAINT `FK_pedidos` FOREIGN KEY (`pedidos`) REFERENCES `tb_pedido` (`id_pedido`) ON DELETE NO ACTION ON UPDATE NO ACTION) in C:\wamp64\www\gerenciador-leet\system\Database\MySQLi\Connection.php:295
Stack trace:
#0 C:\wamp64\www\gerenciador-leet\system\Database\MySQLi\Connection.php(295): mysqli->query('INSERT INTO `tb...', 0)
#1 C:\wamp64\www\gerenciador-leet\system\Database\BaseConnection.php(692): CodeIgniter\Database\MySQLi\Connection->execute('INSERT INTO `tb...')
#2 C:\wamp64\www\gerenciador-leet\system\Database\BaseConnection.php(606): CodeIgniter\Database\BaseConnection->simpleQuery('INSERT INTO `tb...')
#3 C:\wamp64\www\gerenciador-leet\system\Database\BaseBuilder.php(2309): CodeIgniter\Database\BaseConnection->query('INSERT INTO `tb...', Array, false)
#4 C:\wamp64\www\gerenciador-leet\app\Controllers\CadsPedido_controller.php(36): CodeIgniter\Database\BaseBuilder->insert(Array)
#5 C:\wamp64\www\gerenciador-leet\system\CodeIgniter.php(934): App\Controllers\CadsPedido_controller->InsereDadosPedido()
#6 C:\wamp64\www\gerenciador-leet\system\CodeIgniter.php(499): CodeIgniter\CodeIgniter->runController(Object(App\Controllers\CadsPedido_controller))
#7 C:\wamp64\www\gerenciador-leet\system\CodeIgniter.php(368): CodeIgniter\CodeIgniter->handleRequest(NULL, Object(Config\Cache), false)
#8 C:\wamp64\www\gerenciador-leet\public\index.php(67): CodeIgniter\CodeIgniter->run()
#9 {main}
ERROR - 2023-06-05 18:22:36 --> mysqli_sql_exception: Cannot add or update a child row: a foreign key constraint fails (`bd_leet`.`tb_produtos_pedido`, CONSTRAINT `FK_pedidos` FOREIGN KEY (`pedidos`) REFERENCES `tb_pedido` (`id_pedido`) ON DELETE NO ACTION ON UPDATE NO ACTION) in C:\wamp64\www\gerenciador-leet\system\Database\MySQLi\Connection.php:295
Stack trace:
#0 C:\wamp64\www\gerenciador-leet\system\Database\MySQLi\Connection.php(295): mysqli->query('INSERT INTO `tb...', 0)
#1 C:\wamp64\www\gerenciador-leet\system\Database\BaseConnection.php(692): CodeIgniter\Database\MySQLi\Connection->execute('INSERT INTO `tb...')
#2 C:\wamp64\www\gerenciador-leet\system\Database\BaseConnection.php(606): CodeIgniter\Database\BaseConnection->simpleQuery('INSERT INTO `tb...')
#3 C:\wamp64\www\gerenciador-leet\system\Database\BaseBuilder.php(2309): CodeIgniter\Database\BaseConnection->query('INSERT INTO `tb...', Array, false)
#4 C:\wamp64\www\gerenciador-leet\app\Controllers\CadsPedido_controller.php(36): CodeIgniter\Database\BaseBuilder->insert(Array)
#5 C:\wamp64\www\gerenciador-leet\system\CodeIgniter.php(934): App\Controllers\CadsPedido_controller->InsereDadosPedido()
#6 C:\wamp64\www\gerenciador-leet\system\CodeIgniter.php(499): CodeIgniter\CodeIgniter->runController(Object(App\Controllers\CadsPedido_controller))
#7 C:\wamp64\www\gerenciador-leet\system\CodeIgniter.php(368): CodeIgniter\CodeIgniter->handleRequest(NULL, Object(Config\Cache), false)
#8 C:\wamp64\www\gerenciador-leet\public\index.php(67): CodeIgniter\CodeIgniter->run()
#9 {main}
ERROR - 2023-06-05 18:22:36 --> mysqli_sql_exception: Cannot add or update a child row: a foreign key constraint fails (`bd_leet`.`tb_produtos_pedido`, CONSTRAINT `FK_pedidos` FOREIGN KEY (`pedidos`) REFERENCES `tb_pedido` (`id_pedido`) ON DELETE NO ACTION ON UPDATE NO ACTION) in C:\wamp64\www\gerenciador-leet\system\Database\MySQLi\Connection.php:295
Stack trace:
#0 C:\wamp64\www\gerenciador-leet\system\Database\MySQLi\Connection.php(295): mysqli->query('INSERT INTO `tb...', 0)
#1 C:\wamp64\www\gerenciador-leet\system\Database\BaseConnection.php(692): CodeIgniter\Database\MySQLi\Connection->execute('INSERT INTO `tb...')
#2 C:\wamp64\www\gerenciador-leet\system\Database\BaseConnection.php(606): CodeIgniter\Database\BaseConnection->simpleQuery('INSERT INTO `tb...')
#3 C:\wamp64\www\gerenciador-leet\system\Database\BaseBuilder.php(2309): CodeIgniter\Database\BaseConnection->query('INSERT INTO `tb...', Array, false)
#4 C:\wamp64\www\gerenciador-leet\app\Controllers\CadsPedido_controller.php(36): CodeIgniter\Database\BaseBuilder->insert(Array)
#5 C:\wamp64\www\gerenciador-leet\system\CodeIgniter.php(934): App\Controllers\CadsPedido_controller->InsereDadosPedido()
#6 C:\wamp64\www\gerenciador-leet\system\CodeIgniter.php(499): CodeIgniter\CodeIgniter->runController(Object(App\Controllers\CadsPedido_controller))
#7 C:\wamp64\www\gerenciador-leet\system\CodeIgniter.php(368): CodeIgniter\CodeIgniter->handleRequest(NULL, Object(Config\Cache), false)
#8 C:\wamp64\www\gerenciador-leet\public\index.php(67): CodeIgniter\CodeIgniter->run()
#9 {main}
ERROR - 2023-06-05 18:22:46 --> mysqli_sql_exception: Cannot add or update a child row: a foreign key constraint fails (`bd_leet`.`tb_produtos_pedido`, CONSTRAINT `FK_pedidos` FOREIGN KEY (`pedidos`) REFERENCES `tb_pedido` (`id_pedido`) ON DELETE NO ACTION ON UPDATE NO ACTION) in C:\wamp64\www\gerenciador-leet\system\Database\MySQLi\Connection.php:295
Stack trace:
#0 C:\wamp64\www\gerenciador-leet\system\Database\MySQLi\Connection.php(295): mysqli->query('INSERT INTO `tb...', 0)
#1 C:\wamp64\www\gerenciador-leet\system\Database\BaseConnection.php(692): CodeIgniter\Database\MySQLi\Connection->execute('INSERT INTO `tb...')
#2 C:\wamp64\www\gerenciador-leet\system\Database\BaseConnection.php(606): CodeIgniter\Database\BaseConnection->simpleQuery('INSERT INTO `tb...')
#3 C:\wamp64\www\gerenciador-leet\system\Database\BaseBuilder.php(2309): CodeIgniter\Database\BaseConnection->query('INSERT INTO `tb...', Array, false)
#4 C:\wamp64\www\gerenciador-leet\app\Controllers\CadsPedido_controller.php(36): CodeIgniter\Database\BaseBuilder->insert(Array)
#5 C:\wamp64\www\gerenciador-leet\system\CodeIgniter.php(934): App\Controllers\CadsPedido_controller->InsereDadosPedido()
#6 C:\wamp64\www\gerenciador-leet\system\CodeIgniter.php(499): CodeIgniter\CodeIgniter->runController(Object(App\Controllers\CadsPedido_controller))
#7 C:\wamp64\www\gerenciador-leet\system\CodeIgniter.php(368): CodeIgniter\CodeIgniter->handleRequest(NULL, Object(Config\Cache), false)
#8 C:\wamp64\www\gerenciador-leet\public\index.php(67): CodeIgniter\CodeIgniter->run()
#9 {main}
ERROR - 2023-06-05 18:22:46 --> mysqli_sql_exception: Cannot add or update a child row: a foreign key constraint fails (`bd_leet`.`tb_produtos_pedido`, CONSTRAINT `FK_pedidos` FOREIGN KEY (`pedidos`) REFERENCES `tb_pedido` (`id_pedido`) ON DELETE NO ACTION ON UPDATE NO ACTION) in C:\wamp64\www\gerenciador-leet\system\Database\MySQLi\Connection.php:295
Stack trace:
#0 C:\wamp64\www\gerenciador-leet\system\Database\MySQLi\Connection.php(295): mysqli->query('INSERT INTO `tb...', 0)
#1 C:\wamp64\www\gerenciador-leet\system\Database\BaseConnection.php(692): CodeIgniter\Database\MySQLi\Connection->execute('INSERT INTO `tb...')
#2 C:\wamp64\www\gerenciador-leet\system\Database\BaseConnection.php(606): CodeIgniter\Database\BaseConnection->simpleQuery('INSERT INTO `tb...')
#3 C:\wamp64\www\gerenciador-leet\system\Database\BaseBuilder.php(2309): CodeIgniter\Database\BaseConnection->query('INSERT INTO `tb...', Array, false)
#4 C:\wamp64\www\gerenciador-leet\app\Controllers\CadsPedido_controller.php(36): CodeIgniter\Database\BaseBuilder->insert(Array)
#5 C:\wamp64\www\gerenciador-leet\system\CodeIgniter.php(934): App\Controllers\CadsPedido_controller->InsereDadosPedido()
#6 C:\wamp64\www\gerenciador-leet\system\CodeIgniter.php(499): CodeIgniter\CodeIgniter->runController(Object(App\Controllers\CadsPedido_controller))
#7 C:\wamp64\www\gerenciador-leet\system\CodeIgniter.php(368): CodeIgniter\CodeIgniter->handleRequest(NULL, Object(Config\Cache), false)
#8 C:\wamp64\www\gerenciador-leet\public\index.php(67): CodeIgniter\CodeIgniter->run()
#9 {main}
CRITICAL - 2023-06-05 18:23:29 --> Call to a member function table() on bool
in APPPATH\Controllers\CadsPedido_controller.php on line 35.
 1 SYSTEMPATH\CodeIgniter.php(934): App\Controllers\CadsPedido_controller->InsereDadosPedido()
 2 SYSTEMPATH\CodeIgniter.php(499): CodeIgniter\CodeIgniter->runController(Object(App\Controllers\CadsPedido_controller))
 3 SYSTEMPATH\CodeIgniter.php(368): CodeIgniter\CodeIgniter->handleRequest(null, Object(Config\Cache), false)
 4 FCPATH\index.php(67): CodeIgniter\CodeIgniter->run()
ERROR - 2023-06-05 18:25:38 --> mysqli_sql_exception: Cannot add or update a child row: a foreign key constraint fails (`bd_leet`.`tb_produtos_pedido`, CONSTRAINT `FK_pedidos` FOREIGN KEY (`pedidos`) REFERENCES `tb_pedido` (`id_pedido`) ON DELETE NO ACTION ON UPDATE NO ACTION) in C:\wamp64\www\gerenciador-leet\system\Database\MySQLi\Connection.php:295
Stack trace:
#0 C:\wamp64\www\gerenciador-leet\system\Database\MySQLi\Connection.php(295): mysqli->query('INSERT INTO `tb...', 0)
#1 C:\wamp64\www\gerenciador-leet\system\Database\BaseConnection.php(692): CodeIgniter\Database\MySQLi\Connection->execute('INSERT INTO `tb...')
#2 C:\wamp64\www\gerenciador-leet\system\Database\BaseConnection.php(606): CodeIgniter\Database\BaseConnection->simpleQuery('INSERT INTO `tb...')
#3 C:\wamp64\www\gerenciador-leet\system\Database\BaseBuilder.php(2309): CodeIgniter\Database\BaseConnection->query('INSERT INTO `tb...', Array, false)
#4 C:\wamp64\www\gerenciador-leet\system\Model.php(330): CodeIgniter\Database\BaseBuilder->insert()
#5 C:\wamp64\www\gerenciador-leet\system\BaseModel.php(782): CodeIgniter\Model->doInsert(Array)
#6 C:\wamp64\www\gerenciador-leet\system\Model.php(730): CodeIgniter\BaseModel->insert(Array, false)
#7 C:\wamp64\www\gerenciador-leet\system\BaseModel.php(692): CodeIgniter\Model->insert(Array, false)
#8 C:\wamp64\www\gerenciador-leet\app\Controllers\CadsPedido_controller.php(35): CodeIgniter\BaseModel->save(Array)
#9 C:\wamp64\www\gerenciador-leet\system\CodeIgniter.php(934): App\Controllers\CadsPedido_controller->InsereDadosPedido()
#10 C:\wamp64\www\gerenciador-leet\system\CodeIgniter.php(499): CodeIgniter\CodeIgniter->runController(Object(App\Controllers\CadsPedido_controller))
#11 C:\wamp64\www\gerenciador-leet\system\CodeIgniter.php(368): CodeIgniter\CodeIgniter->handleRequest(NULL, Object(Config\Cache), false)
#12 C:\wamp64\www\gerenciador-leet\public\index.php(67): CodeIgniter\CodeIgniter->run()
#13 {main}
CRITICAL - 2023-06-05 18:25:38 --> Cannot add or update a child row: a foreign key constraint fails (`bd_leet`.`tb_produtos_pedido`, CONSTRAINT `FK_pedidos` FOREIGN KEY (`pedidos`) REFERENCES `tb_pedido` (`id_pedido`) ON DELETE NO ACTION ON UPDATE NO ACTION)
in SYSTEMPATH\Database\MySQLi\Connection.php on line 295.
 1 SYSTEMPATH\Database\MySQLi\Connection.php(295): mysqli->query('INSERT INTO `tb_produtos_pedido` (`produtos_pedido`, `pedidos`) VALUES (\'7\', 1)', 0)
 2 SYSTEMPATH\Database\BaseConnection.php(692): CodeIgniter\Database\MySQLi\Connection->execute('INSERT INTO `tb_produtos_pedido` (`produtos_pedido`, `pedidos`) VALUES (\'7\', 1)')
 3 SYSTEMPATH\Database\BaseConnection.php(606): CodeIgniter\Database\BaseConnection->simpleQuery('INSERT INTO `tb_produtos_pedido` (`produtos_pedido`, `pedidos`) VALUES (\'7\', 1)')
 4 SYSTEMPATH\Database\BaseBuilder.php(2309): CodeIgniter\Database\BaseConnection->query('INSERT INTO `tb_produtos_pedido` (`produtos_pedido`, `pedidos`) VALUES (:produtos_pedido:, :pedidos:)', [...], false)
 5 SYSTEMPATH\Model.php(330): CodeIgniter\Database\BaseBuilder->insert()
 6 SYSTEMPATH\BaseModel.php(782): CodeIgniter\Model->doInsert([...])
 7 SYSTEMPATH\Model.php(730): CodeIgniter\BaseModel->insert([...], false)
 8 SYSTEMPATH\BaseModel.php(692): CodeIgniter\Model->insert([...], false)
 9 APPPATH\Controllers\CadsPedido_controller.php(35): CodeIgniter\BaseModel->save([...])
10 SYSTEMPATH\CodeIgniter.php(934): App\Controllers\CadsPedido_controller->InsereDadosPedido()
11 SYSTEMPATH\CodeIgniter.php(499): CodeIgniter\CodeIgniter->runController(Object(App\Controllers\CadsPedido_controller))
12 SYSTEMPATH\CodeIgniter.php(368): CodeIgniter\CodeIgniter->handleRequest(null, Object(Config\Cache), false)
13 FCPATH\index.php(67): CodeIgniter\CodeIgniter->run()
CRITICAL - 2023-06-05 18:28:01 --> Undefined variable: db
in APPPATH\Controllers\CadsPedido_controller.php on line 29.
 1 APPPATH\Controllers\CadsPedido_controller.php(29): CodeIgniter\Debug\Exceptions->errorHandler(8, 'Undefined variable: db', 'C:\\wamp64\\www\\gerenciador-leet\\app\\Controllers\\CadsPedido_controller.php', 29, [...])
 2 SYSTEMPATH\CodeIgniter.php(934): App\Controllers\CadsPedido_controller->InsereDadosPedido()
 3 SYSTEMPATH\CodeIgniter.php(499): CodeIgniter\CodeIgniter->runController(Object(App\Controllers\CadsPedido_controller))
 4 SYSTEMPATH\CodeIgniter.php(368): CodeIgniter\CodeIgniter->handleRequest(null, Object(Config\Cache), false)
 5 FCPATH\index.php(67): CodeIgniter\CodeIgniter->run()
CRITICAL - 2023-06-05 18:30:00 --> Use of undefined constant esxit - assumed 'esxit' (this will throw an Error in a future version of PHP)
in APPPATH\Controllers\CadsPedido_controller.php on line 33.
 1 APPPATH\Controllers\CadsPedido_controller.php(33): CodeIgniter\Debug\Exceptions->errorHandler(2, 'Use of undefined constant esxit - assumed \'esxit\' (this will throw an Error in a future version of PHP)', 'C:\\wamp64\\www\\gerenciador-leet\\app\\Controllers\\CadsPedido_controller.php', 33, [...])
 2 SYSTEMPATH\CodeIgniter.php(934): App\Controllers\CadsPedido_controller->InsereDadosPedido()
 3 SYSTEMPATH\CodeIgniter.php(499): CodeIgniter\CodeIgniter->runController(Object(App\Controllers\CadsPedido_controller))
 4 SYSTEMPATH\CodeIgniter.php(368): CodeIgniter\CodeIgniter->handleRequest(null, Object(Config\Cache), false)
 5 FCPATH\index.php(67): CodeIgniter\CodeIgniter->run()
CRITICAL - 2023-06-05 18:32:57 --> Invalid argument supplied for foreach()
in APPPATH\Controllers\CadsPedido_controller.php on line 33.
 1 APPPATH\Controllers\CadsPedido_controller.php(33): CodeIgniter\Debug\Exceptions->errorHandler(2, 'Invalid argument supplied for foreach()', 'C:\\wamp64\\www\\gerenciador-leet\\app\\Controllers\\CadsPedido_controller.php', 33, [...])
 2 SYSTEMPATH\CodeIgniter.php(934): App\Controllers\CadsPedido_controller->InsereDadosPedido()
 3 SYSTEMPATH\CodeIgniter.php(499): CodeIgniter\CodeIgniter->runController(Object(App\Controllers\CadsPedido_controller))
 4 SYSTEMPATH\CodeIgniter.php(368): CodeIgniter\CodeIgniter->handleRequest(null, Object(Config\Cache), false)
 5 FCPATH\index.php(67): CodeIgniter\CodeIgniter->run()
CRITICAL - 2023-06-05 18:35:42 --> Invalid argument supplied for foreach()
in APPPATH\Controllers\CadsPedido_controller.php on line 33.
 1 APPPATH\Controllers\CadsPedido_controller.php(33): CodeIgniter\Debug\Exceptions->errorHandler(2, 'Invalid argument supplied for foreach()', 'C:\\wamp64\\www\\gerenciador-leet\\app\\Controllers\\CadsPedido_controller.php', 33, [...])
 2 SYSTEMPATH\CodeIgniter.php(934): App\Controllers\CadsPedido_controller->InsereDadosPedido()
 3 SYSTEMPATH\CodeIgniter.php(499): CodeIgniter\CodeIgniter->runController(Object(App\Controllers\CadsPedido_controller))
 4 SYSTEMPATH\CodeIgniter.php(368): CodeIgniter\CodeIgniter->handleRequest(null, Object(Config\Cache), false)
 5 FCPATH\index.php(67): CodeIgniter\CodeIgniter->run()
CRITICAL - 2023-06-05 18:39:37 --> Invalid argument supplied for foreach()
in APPPATH\Controllers\CadsPedido_controller.php on line 33.
 1 APPPATH\Controllers\CadsPedido_controller.php(33): CodeIgniter\Debug\Exceptions->errorHandler(2, 'Invalid argument supplied for foreach()', 'C:\\wamp64\\www\\gerenciador-leet\\app\\Controllers\\CadsPedido_controller.php', 33, [...])
 2 SYSTEMPATH\CodeIgniter.php(934): App\Controllers\CadsPedido_controller->InsereDadosPedido()
 3 SYSTEMPATH\CodeIgniter.php(499): CodeIgniter\CodeIgniter->runController(Object(App\Controllers\CadsPedido_controller))
 4 SYSTEMPATH\CodeIgniter.php(368): CodeIgniter\CodeIgniter->handleRequest(null, Object(Config\Cache), false)
 5 FCPATH\index.php(67): CodeIgniter\CodeIgniter->run()
CRITICAL - 2023-06-05 18:40:52 --> Invalid argument supplied for foreach()
in APPPATH\Controllers\CadsPedido_controller.php on line 33.
 1 APPPATH\Controllers\CadsPedido_controller.php(33): CodeIgniter\Debug\Exceptions->errorHandler(2, 'Invalid argument supplied for foreach()', 'C:\\wamp64\\www\\gerenciador-leet\\app\\Controllers\\CadsPedido_controller.php', 33, [...])
 2 SYSTEMPATH\CodeIgniter.php(934): App\Controllers\CadsPedido_controller->InsereDadosPedido()
 3 SYSTEMPATH\CodeIgniter.php(499): CodeIgniter\CodeIgniter->runController(Object(App\Controllers\CadsPedido_controller))
 4 SYSTEMPATH\CodeIgniter.php(368): CodeIgniter\CodeIgniter->handleRequest(null, Object(Config\Cache), false)
 5 FCPATH\index.php(67): CodeIgniter\CodeIgniter->run()
CRITICAL - 2023-06-05 18:40:53 --> Invalid argument supplied for foreach()
in APPPATH\Controllers\CadsPedido_controller.php on line 33.
 1 APPPATH\Controllers\CadsPedido_controller.php(33): CodeIgniter\Debug\Exceptions->errorHandler(2, 'Invalid argument supplied for foreach()', 'C:\\wamp64\\www\\gerenciador-leet\\app\\Controllers\\CadsPedido_controller.php', 33, [...])
 2 SYSTEMPATH\CodeIgniter.php(934): App\Controllers\CadsPedido_controller->InsereDadosPedido()
 3 SYSTEMPATH\CodeIgniter.php(499): CodeIgniter\CodeIgniter->runController(Object(App\Controllers\CadsPedido_controller))
 4 SYSTEMPATH\CodeIgniter.php(368): CodeIgniter\CodeIgniter->handleRequest(null, Object(Config\Cache), false)
 5 FCPATH\index.php(67): CodeIgniter\CodeIgniter->run()
CRITICAL - 2023-06-05 18:41:00 --> Invalid argument supplied for foreach()
in APPPATH\Controllers\CadsPedido_controller.php on line 33.
 1 APPPATH\Controllers\CadsPedido_controller.php(33): CodeIgniter\Debug\Exceptions->errorHandler(2, 'Invalid argument supplied for foreach()', 'C:\\wamp64\\www\\gerenciador-leet\\app\\Controllers\\CadsPedido_controller.php', 33, [...])
 2 SYSTEMPATH\CodeIgniter.php(934): App\Controllers\CadsPedido_controller->InsereDadosPedido()
 3 SYSTEMPATH\CodeIgniter.php(499): CodeIgniter\CodeIgniter->runController(Object(App\Controllers\CadsPedido_controller))
 4 SYSTEMPATH\CodeIgniter.php(368): CodeIgniter\CodeIgniter->handleRequest(null, Object(Config\Cache), false)
 5 FCPATH\index.php(67): CodeIgniter\CodeIgniter->run()
ERROR - 2023-06-05 18:51:46 --> mysqli_sql_exception: Cannot add or update a child row: a foreign key constraint fails (`bd_leet`.`tb_produtos_pedido`, CONSTRAINT `FK_pedidos` FOREIGN KEY (`pedidos`) REFERENCES `tb_pedido` (`id_pedido`) ON DELETE NO ACTION ON UPDATE NO ACTION) in C:\wamp64\www\gerenciador-leet\system\Database\MySQLi\Connection.php:295
Stack trace:
#0 C:\wamp64\www\gerenciador-leet\system\Database\MySQLi\Connection.php(295): mysqli->query('INSERT INTO `tb...', 0)
#1 C:\wamp64\www\gerenciador-leet\system\Database\BaseConnection.php(692): CodeIgniter\Database\MySQLi\Connection->execute('INSERT INTO `tb...')
#2 C:\wamp64\www\gerenciador-leet\system\Database\BaseConnection.php(606): CodeIgniter\Database\BaseConnection->simpleQuery('INSERT INTO `tb...')
#3 C:\wamp64\www\gerenciador-leet\system\Database\BaseBuilder.php(2309): CodeIgniter\Database\BaseConnection->query('INSERT INTO `tb...', Array, false)
#4 C:\wamp64\www\gerenciador-leet\system\Model.php(330): CodeIgniter\Database\BaseBuilder->insert()
#5 C:\wamp64\www\gerenciador-leet\system\BaseModel.php(782): CodeIgniter\Model->doInsert(Array)
#6 C:\wamp64\www\gerenciador-leet\system\Model.php(730): CodeIgniter\BaseModel->insert(Array, false)
#7 C:\wamp64\www\gerenciador-leet\system\BaseModel.php(692): CodeIgniter\Model->insert(Array, false)
#8 C:\wamp64\www\gerenciador-leet\app\Controllers\CadsPedido_controller.php(37): CodeIgniter\BaseModel->save(Array)
#9 C:\wamp64\www\gerenciador-leet\system\CodeIgniter.php(934): App\Controllers\CadsPedido_controller->InsereDadosPedido()
#10 C:\wamp64\www\gerenciador-leet\system\CodeIgniter.php(499): CodeIgniter\CodeIgniter->runController(Object(App\Controllers\CadsPedido_controller))
#11 C:\wamp64\www\gerenciador-leet\system\CodeIgniter.php(368): CodeIgniter\CodeIgniter->handleRequest(NULL, Object(Config\Cache), false)
#12 C:\wamp64\www\gerenciador-leet\public\index.php(67): CodeIgniter\CodeIgniter->run()
#13 {main}
CRITICAL - 2023-06-05 18:51:46 --> Cannot add or update a child row: a foreign key constraint fails (`bd_leet`.`tb_produtos_pedido`, CONSTRAINT `FK_pedidos` FOREIGN KEY (`pedidos`) REFERENCES `tb_pedido` (`id_pedido`) ON DELETE NO ACTION ON UPDATE NO ACTION)
in SYSTEMPATH\Database\MySQLi\Connection.php on line 295.
 1 SYSTEMPATH\Database\MySQLi\Connection.php(295): mysqli->query('INSERT INTO `tb_produtos_pedido` (`pedidos`, `produtos_pedido`) VALUES (1, \'7\')', 0)
 2 SYSTEMPATH\Database\BaseConnection.php(692): CodeIgniter\Database\MySQLi\Connection->execute('INSERT INTO `tb_produtos_pedido` (`pedidos`, `produtos_pedido`) VALUES (1, \'7\')')
 3 SYSTEMPATH\Database\BaseConnection.php(606): CodeIgniter\Database\BaseConnection->simpleQuery('INSERT INTO `tb_produtos_pedido` (`pedidos`, `produtos_pedido`) VALUES (1, \'7\')')
 4 SYSTEMPATH\Database\BaseBuilder.php(2309): CodeIgniter\Database\BaseConnection->query('INSERT INTO `tb_produtos_pedido` (`pedidos`, `produtos_pedido`) VALUES (:pedidos:, :produtos_pedido:)', [...], false)
 5 SYSTEMPATH\Model.php(330): CodeIgniter\Database\BaseBuilder->insert()
 6 SYSTEMPATH\BaseModel.php(782): CodeIgniter\Model->doInsert([...])
 7 SYSTEMPATH\Model.php(730): CodeIgniter\BaseModel->insert([...], false)
 8 SYSTEMPATH\BaseModel.php(692): CodeIgniter\Model->insert([...], false)
 9 APPPATH\Controllers\CadsPedido_controller.php(37): CodeIgniter\BaseModel->save([...])
10 SYSTEMPATH\CodeIgniter.php(934): App\Controllers\CadsPedido_controller->InsereDadosPedido()
11 SYSTEMPATH\CodeIgniter.php(499): CodeIgniter\CodeIgniter->runController(Object(App\Controllers\CadsPedido_controller))
12 SYSTEMPATH\CodeIgniter.php(368): CodeIgniter\CodeIgniter->handleRequest(null, Object(Config\Cache), false)
13 FCPATH\index.php(67): CodeIgniter\CodeIgniter->run()
ERROR - 2023-06-05 18:55:18 --> mysqli_sql_exception: Cannot add or update a child row: a foreign key constraint fails (`bd_leet`.`tb_produtos_pedido`, CONSTRAINT `FK_pedidos` FOREIGN KEY (`pedidos`) REFERENCES `tb_pedido` (`id_pedido`) ON DELETE NO ACTION ON UPDATE NO ACTION) in C:\wamp64\www\gerenciador-leet\system\Database\MySQLi\Connection.php:295
Stack trace:
#0 C:\wamp64\www\gerenciador-leet\system\Database\MySQLi\Connection.php(295): mysqli->query('INSERT INTO `tb...', 0)
#1 C:\wamp64\www\gerenciador-leet\system\Database\BaseConnection.php(692): CodeIgniter\Database\MySQLi\Connection->execute('INSERT INTO `tb...')
#2 C:\wamp64\www\gerenciador-leet\system\Database\BaseConnection.php(606): CodeIgniter\Database\BaseConnection->simpleQuery('INSERT INTO `tb...')
#3 C:\wamp64\www\gerenciador-leet\system\Database\BaseBuilder.php(2309): CodeIgniter\Database\BaseConnection->query('INSERT INTO `tb...', Array, false)
#4 C:\wamp64\www\gerenciador-leet\system\Model.php(330): CodeIgniter\Database\BaseBuilder->insert()
#5 C:\wamp64\www\gerenciador-leet\system\BaseModel.php(782): CodeIgniter\Model->doInsert(Array)
#6 C:\wamp64\www\gerenciador-leet\system\Model.php(730): CodeIgniter\BaseModel->insert(Array, false)
#7 C:\wamp64\www\gerenciador-leet\system\BaseModel.php(692): CodeIgniter\Model->insert(Array, false)
#8 C:\wamp64\www\gerenciador-leet\app\Controllers\CadsPedido_controller.php(38): CodeIgniter\BaseModel->save(Array)
#9 C:\wamp64\www\gerenciador-leet\system\CodeIgniter.php(934): App\Controllers\CadsPedido_controller->InsereDadosPedido()
#10 C:\wamp64\www\gerenciador-leet\system\CodeIgniter.php(499): CodeIgniter\CodeIgniter->runController(Object(App\Controllers\CadsPedido_controller))
#11 C:\wamp64\www\gerenciador-leet\system\CodeIgniter.php(368): CodeIgniter\CodeIgniter->handleRequest(NULL, Object(Config\Cache), false)
#12 C:\wamp64\www\gerenciador-leet\public\index.php(67): CodeIgniter\CodeIgniter->run()
#13 {main}
CRITICAL - 2023-06-05 18:55:18 --> Cannot add or update a child row: a foreign key constraint fails (`bd_leet`.`tb_produtos_pedido`, CONSTRAINT `FK_pedidos` FOREIGN KEY (`pedidos`) REFERENCES `tb_pedido` (`id_pedido`) ON DELETE NO ACTION ON UPDATE NO ACTION)
in SYSTEMPATH\Database\MySQLi\Connection.php on line 295.
 1 SYSTEMPATH\Database\MySQLi\Connection.php(295): mysqli->query('INSERT INTO `tb_produtos_pedido` (`pedidos`, `produtos_pedido`, `qtd`) VALUES (1, \'7\', \'1\')', 0)
 2 SYSTEMPATH\Database\BaseConnection.php(692): CodeIgniter\Database\MySQLi\Connection->execute('INSERT INTO `tb_produtos_pedido` (`pedidos`, `produtos_pedido`, `qtd`) VALUES (1, \'7\', \'1\')')
 3 SYSTEMPATH\Database\BaseConnection.php(606): CodeIgniter\Database\BaseConnection->simpleQuery('INSERT INTO `tb_produtos_pedido` (`pedidos`, `produtos_pedido`, `qtd`) VALUES (1, \'7\', \'1\')')
 4 SYSTEMPATH\Database\BaseBuilder.php(2309): CodeIgniter\Database\BaseConnection->query('INSERT INTO `tb_produtos_pedido` (`pedidos`, `produtos_pedido`, `qtd`) VALUES (:pedidos:, :produtos_pedido:, :qtd:)', [...], false)
 5 SYSTEMPATH\Model.php(330): CodeIgniter\Database\BaseBuilder->insert()
 6 SYSTEMPATH\BaseModel.php(782): CodeIgniter\Model->doInsert([...])
 7 SYSTEMPATH\Model.php(730): CodeIgniter\BaseModel->insert([...], false)
 8 SYSTEMPATH\BaseModel.php(692): CodeIgniter\Model->insert([...], false)
 9 APPPATH\Controllers\CadsPedido_controller.php(38): CodeIgniter\BaseModel->save([...])
10 SYSTEMPATH\CodeIgniter.php(934): App\Controllers\CadsPedido_controller->InsereDadosPedido()
11 SYSTEMPATH\CodeIgniter.php(499): CodeIgniter\CodeIgniter->runController(Object(App\Controllers\CadsPedido_controller))
12 SYSTEMPATH\CodeIgniter.php(368): CodeIgniter\CodeIgniter->handleRequest(null, Object(Config\Cache), false)
13 FCPATH\index.php(67): CodeIgniter\CodeIgniter->run()
ERROR - 2023-06-05 18:59:42 --> mysqli_sql_exception: Cannot add or update a child row: a foreign key constraint fails (`bd_leet`.`tb_produtos_pedido`, CONSTRAINT `FK_pedidos` FOREIGN KEY (`pedidos`) REFERENCES `tb_pedido` (`id_pedido`) ON DELETE NO ACTION ON UPDATE NO ACTION) in C:\wamp64\www\gerenciador-leet\system\Database\MySQLi\Connection.php:295
Stack trace:
#0 C:\wamp64\www\gerenciador-leet\system\Database\MySQLi\Connection.php(295): mysqli->query('INSERT INTO `tb...', 0)
#1 C:\wamp64\www\gerenciador-leet\system\Database\BaseConnection.php(692): CodeIgniter\Database\MySQLi\Connection->execute('INSERT INTO `tb...')
#2 C:\wamp64\www\gerenciador-leet\system\Database\BaseConnection.php(606): CodeIgniter\Database\BaseConnection->simpleQuery('INSERT INTO `tb...')
#3 C:\wamp64\www\gerenciador-leet\system\Database\BaseBuilder.php(2309): CodeIgniter\Database\BaseConnection->query('INSERT INTO `tb...', Array, false)
#4 C:\wamp64\www\gerenciador-leet\system\Model.php(330): CodeIgniter\Database\BaseBuilder->insert()
#5 C:\wamp64\www\gerenciador-leet\system\BaseModel.php(782): CodeIgniter\Model->doInsert(Array)
#6 C:\wamp64\www\gerenciador-leet\system\Model.php(730): CodeIgniter\BaseModel->insert(Array, false)
#7 C:\wamp64\www\gerenciador-leet\system\BaseModel.php(692): CodeIgniter\Model->insert(Array, false)
#8 C:\wamp64\www\gerenciador-leet\app\Controllers\CadsPedido_controller.php(39): CodeIgniter\BaseModel->save(Array)
#9 C:\wamp64\www\gerenciador-leet\system\CodeIgniter.php(934): App\Controllers\CadsPedido_controller->InsereDadosPedido()
#10 C:\wamp64\www\gerenciador-leet\system\CodeIgniter.php(499): CodeIgniter\CodeIgniter->runController(Object(App\Controllers\CadsPedido_controller))
#11 C:\wamp64\www\gerenciador-leet\system\CodeIgniter.php(368): CodeIgniter\CodeIgniter->handleRequest(NULL, Object(Config\Cache), false)
#12 C:\wamp64\www\gerenciador-leet\public\index.php(67): CodeIgniter\CodeIgniter->run()
#13 {main}
CRITICAL - 2023-06-05 18:59:42 --> Cannot add or update a child row: a foreign key constraint fails (`bd_leet`.`tb_produtos_pedido`, CONSTRAINT `FK_pedidos` FOREIGN KEY (`pedidos`) REFERENCES `tb_pedido` (`id_pedido`) ON DELETE NO ACTION ON UPDATE NO ACTION)
in SYSTEMPATH\Database\MySQLi\Connection.php on line 295.
 1 SYSTEMPATH\Database\MySQLi\Connection.php(295): mysqli->query('INSERT INTO `tb_produtos_pedido` (`pedidos`, `produtos_pedido`, `qtd`) VALUES (1, \'7\', \'1\')', 0)
 2 SYSTEMPATH\Database\BaseConnection.php(692): CodeIgniter\Database\MySQLi\Connection->execute('INSERT INTO `tb_produtos_pedido` (`pedidos`, `produtos_pedido`, `qtd`) VALUES (1, \'7\', \'1\')')
 3 SYSTEMPATH\Database\BaseConnection.php(606): CodeIgniter\Database\BaseConnection->simpleQuery('INSERT INTO `tb_produtos_pedido` (`pedidos`, `produtos_pedido`, `qtd`) VALUES (1, \'7\', \'1\')')
 4 SYSTEMPATH\Database\BaseBuilder.php(2309): CodeIgniter\Database\BaseConnection->query('INSERT INTO `tb_produtos_pedido` (`pedidos`, `produtos_pedido`, `qtd`) VALUES (:pedidos:, :produtos_pedido:, :qtd:)', [...], false)
 5 SYSTEMPATH\Model.php(330): CodeIgniter\Database\BaseBuilder->insert()
 6 SYSTEMPATH\BaseModel.php(782): CodeIgniter\Model->doInsert([...])
 7 SYSTEMPATH\Model.php(730): CodeIgniter\BaseModel->insert([...], false)
 8 SYSTEMPATH\BaseModel.php(692): CodeIgniter\Model->insert([...], false)
 9 APPPATH\Controllers\CadsPedido_controller.php(39): CodeIgniter\BaseModel->save([...])
10 SYSTEMPATH\CodeIgniter.php(934): App\Controllers\CadsPedido_controller->InsereDadosPedido()
11 SYSTEMPATH\CodeIgniter.php(499): CodeIgniter\CodeIgniter->runController(Object(App\Controllers\CadsPedido_controller))
12 SYSTEMPATH\CodeIgniter.php(368): CodeIgniter\CodeIgniter->handleRequest(null, Object(Config\Cache), false)
13 FCPATH\index.php(67): CodeIgniter\CodeIgniter->run()
CRITICAL - 2023-06-05 19:11:34 --> Invalid argument supplied for foreach()
in APPPATH\Controllers\CadsPedido_controller.php on line 32.
 1 APPPATH\Controllers\CadsPedido_controller.php(32): CodeIgniter\Debug\Exceptions->errorHandler(2, 'Invalid argument supplied for foreach()', 'C:\\wamp64\\www\\gerenciador-leet\\app\\Controllers\\CadsPedido_controller.php', 32, [...])
 2 SYSTEMPATH\CodeIgniter.php(934): App\Controllers\CadsPedido_controller->InsereDadosPedido()
 3 SYSTEMPATH\CodeIgniter.php(499): CodeIgniter\CodeIgniter->runController(Object(App\Controllers\CadsPedido_controller))
 4 SYSTEMPATH\CodeIgniter.php(368): CodeIgniter\CodeIgniter->handleRequest(null, Object(Config\Cache), false)
 5 FCPATH\index.php(67): CodeIgniter\CodeIgniter->run()
CRITICAL - 2023-06-05 19:11:47 --> Invalid argument supplied for foreach()
in APPPATH\Controllers\CadsPedido_controller.php on line 32.
 1 APPPATH\Controllers\CadsPedido_controller.php(32): CodeIgniter\Debug\Exceptions->errorHandler(2, 'Invalid argument supplied for foreach()', 'C:\\wamp64\\www\\gerenciador-leet\\app\\Controllers\\CadsPedido_controller.php', 32, [...])
 2 SYSTEMPATH\CodeIgniter.php(934): App\Controllers\CadsPedido_controller->InsereDadosPedido()
 3 SYSTEMPATH\CodeIgniter.php(499): CodeIgniter\CodeIgniter->runController(Object(App\Controllers\CadsPedido_controller))
 4 SYSTEMPATH\CodeIgniter.php(368): CodeIgniter\CodeIgniter->handleRequest(null, Object(Config\Cache), false)
 5 FCPATH\index.php(67): CodeIgniter\CodeIgniter->run()
CRITICAL - 2023-06-05 19:12:19 --> Invalid argument supplied for foreach()
in APPPATH\Controllers\CadsPedido_controller.php on line 32.
 1 APPPATH\Controllers\CadsPedido_controller.php(32): CodeIgniter\Debug\Exceptions->errorHandler(2, 'Invalid argument supplied for foreach()', 'C:\\wamp64\\www\\gerenciador-leet\\app\\Controllers\\CadsPedido_controller.php', 32, [...])
 2 SYSTEMPATH\CodeIgniter.php(934): App\Controllers\CadsPedido_controller->InsereDadosPedido()
 3 SYSTEMPATH\CodeIgniter.php(499): CodeIgniter\CodeIgniter->runController(Object(App\Controllers\CadsPedido_controller))
 4 SYSTEMPATH\CodeIgniter.php(368): CodeIgniter\CodeIgniter->handleRequest(null, Object(Config\Cache), false)
 5 FCPATH\index.php(67): CodeIgniter\CodeIgniter->run()
CRITICAL - 2023-06-05 19:12:35 --> Invalid argument supplied for foreach()
in APPPATH\Controllers\CadsPedido_controller.php on line 32.
 1 APPPATH\Controllers\CadsPedido_controller.php(32): CodeIgniter\Debug\Exceptions->errorHandler(2, 'Invalid argument supplied for foreach()', 'C:\\wamp64\\www\\gerenciador-leet\\app\\Controllers\\CadsPedido_controller.php', 32, [...])
 2 SYSTEMPATH\CodeIgniter.php(934): App\Controllers\CadsPedido_controller->InsereDadosPedido()
 3 SYSTEMPATH\CodeIgniter.php(499): CodeIgniter\CodeIgniter->runController(Object(App\Controllers\CadsPedido_controller))
 4 SYSTEMPATH\CodeIgniter.php(368): CodeIgniter\CodeIgniter->handleRequest(null, Object(Config\Cache), false)
 5 FCPATH\index.php(67): CodeIgniter\CodeIgniter->run()
CRITICAL - 2023-06-05 19:15:34 --> Invalid argument supplied for foreach()
in APPPATH\Controllers\CadsPedido_controller.php on line 32.
 1 APPPATH\Controllers\CadsPedido_controller.php(32): CodeIgniter\Debug\Exceptions->errorHandler(2, 'Invalid argument supplied for foreach()', 'C:\\wamp64\\www\\gerenciador-leet\\app\\Controllers\\CadsPedido_controller.php', 32, [...])
 2 SYSTEMPATH\CodeIgniter.php(934): App\Controllers\CadsPedido_controller->InsereDadosPedido()
 3 SYSTEMPATH\CodeIgniter.php(499): CodeIgniter\CodeIgniter->runController(Object(App\Controllers\CadsPedido_controller))
 4 SYSTEMPATH\CodeIgniter.php(368): CodeIgniter\CodeIgniter->handleRequest(null, Object(Config\Cache), false)
 5 FCPATH\index.php(67): CodeIgniter\CodeIgniter->run()
CRITICAL - 2023-06-05 19:21:04 --> Invalid argument supplied for foreach()
in APPPATH\Controllers\CadsPedido_controller.php on line 32.
 1 APPPATH\Controllers\CadsPedido_controller.php(32): CodeIgniter\Debug\Exceptions->errorHandler(2, 'Invalid argument supplied for foreach()', 'C:\\wamp64\\www\\gerenciador-leet\\app\\Controllers\\CadsPedido_controller.php', 32, [...])
 2 SYSTEMPATH\CodeIgniter.php(934): App\Controllers\CadsPedido_controller->InsereDadosPedido()
 3 SYSTEMPATH\CodeIgniter.php(499): CodeIgniter\CodeIgniter->runController(Object(App\Controllers\CadsPedido_controller))
 4 SYSTEMPATH\CodeIgniter.php(368): CodeIgniter\CodeIgniter->handleRequest(null, Object(Config\Cache), false)
 5 FCPATH\index.php(67): CodeIgniter\CodeIgniter->run()
CRITICAL - 2023-06-05 19:25:20 --> Invalid argument supplied for foreach()
in APPPATH\Controllers\CadsPedido_controller.php on line 32.
 1 APPPATH\Controllers\CadsPedido_controller.php(32): CodeIgniter\Debug\Exceptions->errorHandler(2, 'Invalid argument supplied for foreach()', 'C:\\wamp64\\www\\gerenciador-leet\\app\\Controllers\\CadsPedido_controller.php', 32, [...])
 2 SYSTEMPATH\CodeIgniter.php(934): App\Controllers\CadsPedido_controller->InsereDadosPedido()
 3 SYSTEMPATH\CodeIgniter.php(499): CodeIgniter\CodeIgniter->runController(Object(App\Controllers\CadsPedido_controller))
 4 SYSTEMPATH\CodeIgniter.php(368): CodeIgniter\CodeIgniter->handleRequest(null, Object(Config\Cache), false)
 5 FCPATH\index.php(67): CodeIgniter\CodeIgniter->run()
CRITICAL - 2023-06-05 19:33:21 --> Invalid argument supplied for foreach()
in APPPATH\Controllers\CadsPedido_controller.php on line 32.
 1 APPPATH\Controllers\CadsPedido_controller.php(32): CodeIgniter\Debug\Exceptions->errorHandler(2, 'Invalid argument supplied for foreach()', 'C:\\wamp64\\www\\gerenciador-leet\\app\\Controllers\\CadsPedido_controller.php', 32, [...])
 2 SYSTEMPATH\CodeIgniter.php(934): App\Controllers\CadsPedido_controller->InsereDadosPedido()
 3 SYSTEMPATH\CodeIgniter.php(499): CodeIgniter\CodeIgniter->runController(Object(App\Controllers\CadsPedido_controller))
 4 SYSTEMPATH\CodeIgniter.php(368): CodeIgniter\CodeIgniter->handleRequest(null, Object(Config\Cache), false)
 5 FCPATH\index.php(67): CodeIgniter\CodeIgniter->run()
CRITICAL - 2023-06-05 19:33:26 --> Invalid argument supplied for foreach()
in APPPATH\Controllers\CadsPedido_controller.php on line 32.
 1 APPPATH\Controllers\CadsPedido_controller.php(32): CodeIgniter\Debug\Exceptions->errorHandler(2, 'Invalid argument supplied for foreach()', 'C:\\wamp64\\www\\gerenciador-leet\\app\\Controllers\\CadsPedido_controller.php', 32, [...])
 2 SYSTEMPATH\CodeIgniter.php(934): App\Controllers\CadsPedido_controller->InsereDadosPedido()
 3 SYSTEMPATH\CodeIgniter.php(499): CodeIgniter\CodeIgniter->runController(Object(App\Controllers\CadsPedido_controller))
 4 SYSTEMPATH\CodeIgniter.php(368): CodeIgniter\CodeIgniter->handleRequest(null, Object(Config\Cache), false)
 5 FCPATH\index.php(67): CodeIgniter\CodeIgniter->run()
CRITICAL - 2023-06-05 19:33:43 --> Invalid argument supplied for foreach()
in APPPATH\Controllers\CadsPedido_controller.php on line 32.
 1 APPPATH\Controllers\CadsPedido_controller.php(32): CodeIgniter\Debug\Exceptions->errorHandler(2, 'Invalid argument supplied for foreach()', 'C:\\wamp64\\www\\gerenciador-leet\\app\\Controllers\\CadsPedido_controller.php', 32, [...])
 2 SYSTEMPATH\CodeIgniter.php(934): App\Controllers\CadsPedido_controller->InsereDadosPedido()
 3 SYSTEMPATH\CodeIgniter.php(499): CodeIgniter\CodeIgniter->runController(Object(App\Controllers\CadsPedido_controller))
 4 SYSTEMPATH\CodeIgniter.php(368): CodeIgniter\CodeIgniter->handleRequest(null, Object(Config\Cache), false)
 5 FCPATH\index.php(67): CodeIgniter\CodeIgniter->run()
CRITICAL - 2023-06-05 20:02:37 --> Invalid argument supplied for foreach()
in APPPATH\Controllers\CadsPedido_controller.php on line 32.
 1 APPPATH\Controllers\CadsPedido_controller.php(32): CodeIgniter\Debug\Exceptions->errorHandler(2, 'Invalid argument supplied for foreach()', 'C:\\wamp64\\www\\gerenciador-leet\\app\\Controllers\\CadsPedido_controller.php', 32, [...])
 2 SYSTEMPATH\CodeIgniter.php(934): App\Controllers\CadsPedido_controller->InsereDadosPedido()
 3 SYSTEMPATH\CodeIgniter.php(499): CodeIgniter\CodeIgniter->runController(Object(App\Controllers\CadsPedido_controller))
 4 SYSTEMPATH\CodeIgniter.php(368): CodeIgniter\CodeIgniter->handleRequest(null, Object(Config\Cache), false)
 5 FCPATH\index.php(67): CodeIgniter\CodeIgniter->run()
CRITICAL - 2023-06-05 20:03:42 --> Invalid argument supplied for foreach()
in APPPATH\Controllers\CadsPedido_controller.php on line 32.
 1 APPPATH\Controllers\CadsPedido_controller.php(32): CodeIgniter\Debug\Exceptions->errorHandler(2, 'Invalid argument supplied for foreach()', 'C:\\wamp64\\www\\gerenciador-leet\\app\\Controllers\\CadsPedido_controller.php', 32, [...])
 2 SYSTEMPATH\CodeIgniter.php(934): App\Controllers\CadsPedido_controller->InsereDadosPedido()
 3 SYSTEMPATH\CodeIgniter.php(499): CodeIgniter\CodeIgniter->runController(Object(App\Controllers\CadsPedido_controller))
 4 SYSTEMPATH\CodeIgniter.php(368): CodeIgniter\CodeIgniter->handleRequest(null, Object(Config\Cache), false)
 5 FCPATH\index.php(67): CodeIgniter\CodeIgniter->run()
CRITICAL - 2023-06-05 20:21:44 --> Invalid argument supplied for foreach()
in APPPATH\Controllers\CadsPedido_controller.php on line 32.
 1 APPPATH\Controllers\CadsPedido_controller.php(32): CodeIgniter\Debug\Exceptions->errorHandler(2, 'Invalid argument supplied for foreach()', 'C:\\wamp64\\www\\gerenciador-leet\\app\\Controllers\\CadsPedido_controller.php', 32, [...])
 2 SYSTEMPATH\CodeIgniter.php(934): App\Controllers\CadsPedido_controller->InsereDadosPedido()
 3 SYSTEMPATH\CodeIgniter.php(499): CodeIgniter\CodeIgniter->runController(Object(App\Controllers\CadsPedido_controller))
 4 SYSTEMPATH\CodeIgniter.php(368): CodeIgniter\CodeIgniter->handleRequest(null, Object(Config\Cache), false)
 5 FCPATH\index.php(67): CodeIgniter\CodeIgniter->run()
CRITICAL - 2023-06-05 20:21:48 --> Invalid argument supplied for foreach()
in APPPATH\Controllers\CadsPedido_controller.php on line 32.
 1 APPPATH\Controllers\CadsPedido_controller.php(32): CodeIgniter\Debug\Exceptions->errorHandler(2, 'Invalid argument supplied for foreach()', 'C:\\wamp64\\www\\gerenciador-leet\\app\\Controllers\\CadsPedido_controller.php', 32, [...])
 2 SYSTEMPATH\CodeIgniter.php(934): App\Controllers\CadsPedido_controller->InsereDadosPedido()
 3 SYSTEMPATH\CodeIgniter.php(499): CodeIgniter\CodeIgniter->runController(Object(App\Controllers\CadsPedido_controller))
 4 SYSTEMPATH\CodeIgniter.php(368): CodeIgniter\CodeIgniter->handleRequest(null, Object(Config\Cache), false)
 5 FCPATH\index.php(67): CodeIgniter\CodeIgniter->run()
CRITICAL - 2023-06-05 20:22:36 --> Invalid argument supplied for foreach()
in APPPATH\Controllers\CadsPedido_controller.php on line 32.
 1 APPPATH\Controllers\CadsPedido_controller.php(32): CodeIgniter\Debug\Exceptions->errorHandler(2, 'Invalid argument supplied for foreach()', 'C:\\wamp64\\www\\gerenciador-leet\\app\\Controllers\\CadsPedido_controller.php', 32, [...])
 2 SYSTEMPATH\CodeIgniter.php(934): App\Controllers\CadsPedido_controller->InsereDadosPedido()
 3 SYSTEMPATH\CodeIgniter.php(499): CodeIgniter\CodeIgniter->runController(Object(App\Controllers\CadsPedido_controller))
 4 SYSTEMPATH\CodeIgniter.php(368): CodeIgniter\CodeIgniter->handleRequest(null, Object(Config\Cache), false)
 5 FCPATH\index.php(67): CodeIgniter\CodeIgniter->run()
CRITICAL - 2023-06-05 20:24:20 --> Invalid argument supplied for foreach()
in APPPATH\Controllers\CadsPedido_controller.php on line 32.
 1 APPPATH\Controllers\CadsPedido_controller.php(32): CodeIgniter\Debug\Exceptions->errorHandler(2, 'Invalid argument supplied for foreach()', 'C:\\wamp64\\www\\gerenciador-leet\\app\\Controllers\\CadsPedido_controller.php', 32, [...])
 2 SYSTEMPATH\CodeIgniter.php(934): App\Controllers\CadsPedido_controller->InsereDadosPedido()
 3 SYSTEMPATH\CodeIgniter.php(499): CodeIgniter\CodeIgniter->runController(Object(App\Controllers\CadsPedido_controller))
 4 SYSTEMPATH\CodeIgniter.php(368): CodeIgniter\CodeIgniter->handleRequest(null, Object(Config\Cache), false)
 5 FCPATH\index.php(67): CodeIgniter\CodeIgniter->run()
CRITICAL - 2023-06-05 20:25:58 --> Invalid argument supplied for foreach()
in APPPATH\Controllers\CadsPedido_controller.php on line 32.
 1 APPPATH\Controllers\CadsPedido_controller.php(32): CodeIgniter\Debug\Exceptions->errorHandler(2, 'Invalid argument supplied for foreach()', 'C:\\wamp64\\www\\gerenciador-leet\\app\\Controllers\\CadsPedido_controller.php', 32, [...])
 2 SYSTEMPATH\CodeIgniter.php(934): App\Controllers\CadsPedido_controller->InsereDadosPedido()
 3 SYSTEMPATH\CodeIgniter.php(499): CodeIgniter\CodeIgniter->runController(Object(App\Controllers\CadsPedido_controller))
 4 SYSTEMPATH\CodeIgniter.php(368): CodeIgniter\CodeIgniter->handleRequest(null, Object(Config\Cache), false)
 5 FCPATH\index.php(67): CodeIgniter\CodeIgniter->run()
CRITICAL - 2023-06-05 20:28:34 --> Invalid argument supplied for foreach()
in APPPATH\Controllers\CadsPedido_controller.php on line 32.
 1 APPPATH\Controllers\CadsPedido_controller.php(32): CodeIgniter\Debug\Exceptions->errorHandler(2, 'Invalid argument supplied for foreach()', 'C:\\wamp64\\www\\gerenciador-leet\\app\\Controllers\\CadsPedido_controller.php', 32, [...])
 2 SYSTEMPATH\CodeIgniter.php(934): App\Controllers\CadsPedido_controller->InsereDadosPedido()
 3 SYSTEMPATH\CodeIgniter.php(499): CodeIgniter\CodeIgniter->runController(Object(App\Controllers\CadsPedido_controller))
 4 SYSTEMPATH\CodeIgniter.php(368): CodeIgniter\CodeIgniter->handleRequest(null, Object(Config\Cache), false)
 5 FCPATH\index.php(67): CodeIgniter\CodeIgniter->run()
CRITICAL - 2023-06-05 20:28:56 --> Invalid argument supplied for foreach()
in APPPATH\Controllers\CadsPedido_controller.php on line 32.
 1 APPPATH\Controllers\CadsPedido_controller.php(32): CodeIgniter\Debug\Exceptions->errorHandler(2, 'Invalid argument supplied for foreach()', 'C:\\wamp64\\www\\gerenciador-leet\\app\\Controllers\\CadsPedido_controller.php', 32, [...])
 2 SYSTEMPATH\CodeIgniter.php(934): App\Controllers\CadsPedido_controller->InsereDadosPedido()
 3 SYSTEMPATH\CodeIgniter.php(499): CodeIgniter\CodeIgniter->runController(Object(App\Controllers\CadsPedido_controller))
 4 SYSTEMPATH\CodeIgniter.php(368): CodeIgniter\CodeIgniter->handleRequest(null, Object(Config\Cache), false)
 5 FCPATH\index.php(67): CodeIgniter\CodeIgniter->run()
